2026-04-22 19:39:36,556 - INFO - [app] - === ЗАПУСК СИСТЕМИ: Сервер Car Rental DSS ініціалізовано ===
2026-04-22 19:39:36,654 - INFO - [_internal] - [31m[1mWARNING: This is a development server. Do not use it in a production deployment. Use a production WSGI server instead.[0m
 * Running on http://127.0.0.1:5000
2026-04-22 19:39:36,654 - INFO - [_internal] - [33mPress CTRL+C to quit[0m
2026-04-22 19:39:36,656 - INFO - [_internal] -  * Restarting with stat
2026-04-22 19:39:37,027 - INFO - [app] - === ЗАПУСК СИСТЕМИ: Сервер Car Rental DSS ініціалізовано ===
2026-04-22 19:39:37,045 - WARNING - [_internal] -  * Debugger is active!
2026-04-22 19:39:37,048 - INFO - [_internal] -  * Debugger PIN: 817-797-201
2026-04-22 19:40:31,900 - INFO - [app] - Отримано запит: OPTIONS /api/recommend
2026-04-22 19:40:31,900 - INFO - [app] - Відповідь сервера: статус 200
2026-04-22 19:40:31,901 - INFO - [_internal] - 127.0.0.1 - - [22/Apr/2026 19:40:31] "OPTIONS /api/recommend HTTP/1.1" 200 -
2026-04-22 19:40:31,904 - INFO - [app] - Отримано запит: POST /api/recommend
2026-04-22 19:40:31,904 - DEBUG - [app] - Початок розрахунку AHP. Вхідні дані: {'price_vs_comfort': 1, 'price_vs_clearance': 1, 'comfort_vs_clearance': 1}
2026-04-22 19:40:31,905 - INFO - [app] - AHP ваги успішно розраховано: Ціна=0.33, Комфорт=0.33, Прохідність=0.33
2026-04-22 19:40:31,905 - INFO - [app] - Система підібрала авто: Volkswagen Passat B8 (Оцінка: 0.37)
2026-04-22 19:40:31,905 - INFO - [app] - Відповідь сервера: статус 200
2026-04-22 19:40:31,906 - INFO - [_internal] - 127.0.0.1 - - [22/Apr/2026 19:40:31] "POST /api/recommend HTTP/1.1" 200 -
2026-04-22 19:50:19,539 - INFO - [_internal] -  * Detected change in 'C:\\Users\\Expert_PC\\Documents\\bachelor-landing\\backend\\app.py', reloading
2026-04-22 19:50:19,609 - INFO - [_internal] -  * Restarting with stat
2026-04-22 20:00:10,668 - [SYSTEM] - INFO - [app] - === ЗАПУСК СИСТЕМИ: Сервер Car Rental DSS ініціалізовано ===
2026-04-22 20:00:11,057 - [SYSTEM] - INFO - [app] - === ЗАПУСК СИСТЕМИ: Сервер Car Rental DSS ініціалізовано ===
2026-04-22 20:00:58,834 - [22807808-85e2-4485-83cf-263351f4f767] - INFO - [app] - Отримано запит: OPTIONS /api/recommend
2026-04-22 20:00:58,835 - [22807808-85e2-4485-83cf-263351f4f767] - INFO - [app] - Відповідь сервера: статус 200
2026-04-22 20:00:58,839 - [f807cabb-5c26-4147-86ce-d36839300229] - INFO - [app] - Отримано запит: POST /api/recommend
2026-04-22 20:00:58,840 - [f807cabb-5c26-4147-86ce-d36839300229] - DEBUG - [app] - Початок розрахунку AHP. Вхідні дані: {'price_vs_comfort': 1, 'price_vs_clearance': 1, 'comfort_vs_clearance': 1}
2026-04-22 20:00:58,841 - [f807cabb-5c26-4147-86ce-d36839300229] - INFO - [app] - AHP ваги успішно розраховано: Ціна=0.33, Комфорт=0.33, Прохідність=0.33
2026-04-22 20:00:58,841 - [f807cabb-5c26-4147-86ce-d36839300229] - INFO - [app] - Система підібрала авто: Volkswagen Passat B8 (Оцінка: 0.37)
2026-04-22 20:00:58,842 - [f807cabb-5c26-4147-86ce-d36839300229] - INFO - [app] - Відповідь сервера: статус 200
2026-04-22 20:01:09,581 - [d2989ef1-73d4-4d1e-a39e-5730f4537e9e] - INFO - [app] - Отримано запит: OPTIONS /api/recommend
2026-04-22 20:01:09,581 - [d2989ef1-73d4-4d1e-a39e-5730f4537e9e] - INFO - [app] - Відповідь сервера: статус 200
2026-04-22 20:01:09,585 - [ce0484dc-4b36-4065-84bd-7fc16e608444] - INFO - [app] - Отримано запит: POST /api/recommend
2026-04-22 20:01:09,585 - [ce0484dc-4b36-4065-84bd-7fc16e608444] - DEBUG - [app] - Початок розрахунку AHP. Вхідні дані: {'price_vs_comfort': 1, 'price_vs_clearance': 1, 'comfort_vs_clearance': 1}
2026-04-22 20:01:09,586 - [ce0484dc-4b36-4065-84bd-7fc16e608444] - INFO - [app] - AHP ваги успішно розраховано: Ціна=0.33, Комфорт=0.33, Прохідність=0.33
2026-04-22 20:01:09,586 - [ce0484dc-4b36-4065-84bd-7fc16e608444] - INFO - [app] - Система підібрала авто: Volkswagen Passat B8 (Оцінка: 0.37)
2026-04-22 20:01:09,586 - [ce0484dc-4b36-4065-84bd-7fc16e608444] - INFO - [app] - Відповідь сервера: статус 200
2026-04-22 21:54:25,064 - [47c49548-3e2c-40ef-935d-e3a3511e6d29] - INFO - [app] - Отримано запит: OPTIONS /api/recommend
2026-04-22 21:54:25,083 - [47c49548-3e2c-40ef-935d-e3a3511e6d29] - INFO - [app] - Відповідь сервера: статус 200
2026-04-22 21:54:25,108 - [4693b127-7907-4e34-81ff-8a30ef57b980] - INFO - [app] - Отримано запит: POST /api/recommend
2026-04-22 21:54:25,110 - [4693b127-7907-4e34-81ff-8a30ef57b980] - DEBUG - [app] - Початок розрахунку AHP. Вхідні дані: {'price_vs_comfort': 1, 'price_vs_clearance': 1, 'comfort_vs_clearance': 1}
2026-04-22 21:54:25,136 - [4693b127-7907-4e34-81ff-8a30ef57b980] - INFO - [app] - AHP ваги успішно розраховано: Ціна=0.33, Комфорт=0.33, Прохідність=0.33
2026-04-22 21:54:25,137 - [4693b127-7907-4e34-81ff-8a30ef57b980] - INFO - [app] - Система підібрала авто: Volkswagen Passat B8 (Оцінка: 0.37)
2026-04-22 21:54:25,142 - [4693b127-7907-4e34-81ff-8a30ef57b980] - INFO - [app] - Відповідь сервера: статус 200
2026-04-22 22:00:18,182 - [SYSTEM] - INFO - [app] - === ЗАПУСК СИСТЕМИ: Сервер Car Rental DSS ініціалізовано ===
2026-04-22 22:00:18,649 - [SYSTEM] - INFO - [app] - === ЗАПУСК СИСТЕМИ: Сервер Car Rental DSS ініціалізовано ===
2026-04-22 22:02:53,077 - [SYSTEM] - INFO - [app] - === ЗАПУСК СИСТЕМИ: Сервер Car Rental DSS ініціалізовано ===
2026-04-22 22:02:53,464 - [SYSTEM] - INFO - [app] - === ЗАПУСК СИСТЕМИ: Сервер Car Rental DSS ініціалізовано ===
2026-04-22 22:05:22,606 - [SYSTEM] - INFO - [app] - === ЗАПУСК СИСТЕМИ: Сервер Car Rental DSS ініціалізовано ===
2026-04-22 22:10:37,004 - [SYSTEM] - INFO - [app] - === ЗАПУСК СИСТЕМИ: Сервер Car Rental DSS ініціалізовано ===
2026-04-22 22:10:37,395 - [SYSTEM] - INFO - [app] - === ЗАПУСК СИСТЕМИ: Сервер Car Rental DSS ініціалізовано ===
2026-04-22 22:33:32,510 - [SYSTEM] - INFO - [app] - === ЗАПУСК СИСТЕМИ: Сервер Car Rental DSS ініціалізовано ===
2026-04-22 22:33:32,917 - [SYSTEM] - INFO - [app] - === ЗАПУСК СИСТЕМИ: Сервер Car Rental DSS ініціалізовано ===
2026-04-22 22:33:43,945 - [f7dcfe6c-72df-4966-97e8-0e96273a3656] - INFO - [app] - Отримано запит: OPTIONS /api/recommend
2026-04-22 22:33:43,945 - [f7dcfe6c-72df-4966-97e8-0e96273a3656] - INFO - [app] - Відповідь сервера: статус 200
2026-04-22 22:33:43,955 - [ec9a7c0b-544c-439b-be0a-a6d4a9efc651] - INFO - [app] - Отримано запит: POST /api/recommend
2026-04-22 22:33:43,958 - [ec9a7c0b-544c-439b-be0a-a6d4a9efc651] - DEBUG - [app] - Отримано вхідні дані: {'price_vs_comfort': 9, 'price_vs_clearance': 5, 'comfort_vs_clearance': 0.11}
2026-04-22 22:33:43,960 - [ec9a7c0b-544c-439b-be0a-a6d4a9efc651] - INFO - [app] - Система підібрала авто: Opel Insignia 2.0 CDTi (Оцінка: 0.50)
2026-04-22 22:33:43,961 - [ec9a7c0b-544c-439b-be0a-a6d4a9efc651] - INFO - [app] - Відповідь сервера: статус 200
2026-05-05 22:13:01,749 - [SYSTEM] - INFO - [app] - === ЗАПУСК СИСТЕМИ: Сервер Car Rental DSS ініціалізовано ===
2026-05-05 22:13:02,244 - [SYSTEM] - INFO - [app] - === ЗАПУСК СИСТЕМИ: Сервер Car Rental DSS ініціалізовано ===
2026-05-05 22:13:08,954 - [6f11e5d3-a1f3-41ea-a054-abb8b38cbef4] - INFO - [app] - Отримано запит: GET /
2026-05-05 22:13:08,955 - [6f11e5d3-a1f3-41ea-a054-abb8b38cbef4] - WARNING - [app] - Спроба доступу до неіснуючого ресурсу: http://127.0.0.1:5000/
2026-05-05 22:13:08,956 - [6f11e5d3-a1f3-41ea-a054-abb8b38cbef4] - INFO - [app] - Відповідь сервера: статус 404
2026-05-05 22:13:09,072 - [7070db38-a4f5-44b1-a81b-e40649b45ba4] - INFO - [app] - Отримано запит: GET /favicon.ico
2026-05-05 22:13:09,073 - [7070db38-a4f5-44b1-a81b-e40649b45ba4] - WARNING - [app] - Спроба доступу до неіснуючого ресурсу: http://127.0.0.1:5000/favicon.ico
2026-05-05 22:13:09,073 - [7070db38-a4f5-44b1-a81b-e40649b45ba4] - INFO - [app] - Відповідь сервера: статус 404
2026-05-05 22:13:18,039 - [dd9c3fc0-4f1e-4cfa-9ba8-6a5c62ba1ceb] - INFO - [app] - Отримано запит: GET /
2026-05-05 22:13:18,041 - [dd9c3fc0-4f1e-4cfa-9ba8-6a5c62ba1ceb] - WARNING - [app] - Спроба доступу до неіснуючого ресурсу: http://127.0.0.1:5000/
2026-05-05 22:13:18,041 - [dd9c3fc0-4f1e-4cfa-9ba8-6a5c62ba1ceb] - INFO - [app] - Відповідь сервера: статус 404
2026-05-05 22:13:18,589 - [09c1e7d3-af50-4c7d-b1a9-c7536a8a2ea5] - INFO - [app] - Отримано запит: GET /
2026-05-05 22:13:18,590 - [09c1e7d3-af50-4c7d-b1a9-c7536a8a2ea5] - WARNING - [app] - Спроба доступу до неіснуючого ресурсу: http://127.0.0.1:5000/
2026-05-05 22:13:18,590 - [09c1e7d3-af50-4c7d-b1a9-c7536a8a2ea5] - INFO - [app] - Відповідь сервера: статус 404
2026-05-05 22:13:20,660 - [eb6ca133-bc69-4f8a-ab8d-8834e27fffb8] - INFO - [app] - Отримано запит: GET /
2026-05-05 22:13:20,661 - [eb6ca133-bc69-4f8a-ab8d-8834e27fffb8] - WARNING - [app] - Спроба доступу до неіснуючого ресурсу: http://127.0.0.1:5000/
2026-05-05 22:13:20,661 - [eb6ca133-bc69-4f8a-ab8d-8834e27fffb8] - INFO - [app] - Відповідь сервера: статус 404
2026-05-05 22:13:20,685 - [1bb75658-0553-4ece-8bab-5c35385be4f2] - INFO - [app] - Отримано запит: GET /favicon.ico
2026-05-05 22:13:20,685 - [1bb75658-0553-4ece-8bab-5c35385be4f2] - WARNING - [app] - Спроба доступу до неіснуючого ресурсу: http://127.0.0.1:5000/favicon.ico
2026-05-05 22:13:20,686 - [1bb75658-0553-4ece-8bab-5c35385be4f2] - INFO - [app] - Відповідь сервера: статус 404
2026-05-05 22:14:58,895 - [92161cbc-a27a-4d46-92b9-c1e8626f074e] - INFO - [app] - Отримано запит: OPTIONS /api/recommend
2026-05-05 22:14:58,895 - [92161cbc-a27a-4d46-92b9-c1e8626f074e] - INFO - [app] - Відповідь сервера: статус 200
2026-05-05 22:14:58,917 - [1b0228e0-cc8e-4403-b3cc-22ee138f4794] - INFO - [app] - Отримано запит: POST /api/recommend
2026-05-05 22:14:58,919 - [1b0228e0-cc8e-4403-b3cc-22ee138f4794] - DEBUG - [app] - Отримано вхідні дані: {'price_vs_comfort': 1, 'price_vs_clearance': 0.11, 'comfort_vs_clearance': 1}
2026-05-05 22:14:58,929 - [1b0228e0-cc8e-4403-b3cc-22ee138f4794] - INFO - [app] - Система підібрала авто: Skoda Octavia Tour 1.6 (2008) (Оцінка: 0.43)
2026-05-05 22:14:58,931 - [1b0228e0-cc8e-4403-b3cc-22ee138f4794] - INFO - [app] - Відповідь сервера: статус 200
2026-05-05 22:30:38,420 - [8ca6a7fc-0fc3-4a83-b42c-5d15076c40c2] - INFO - [app] - Отримано запит: OPTIONS /api/recommend
2026-05-05 22:30:44,452 - [8ca6a7fc-0fc3-4a83-b42c-5d15076c40c2] - INFO - [app] - Відповідь сервера: статус 200
2026-05-05 22:30:44,460 - [4a8ec284-0676-4711-8e13-0fd814f823d4] - INFO - [app] - Отримано запит: POST /api/recommend
2026-05-05 22:30:44,461 - [4a8ec284-0676-4711-8e13-0fd814f823d4] - DEBUG - [app] - Отримано вхідні дані: {'price_vs_comfort': 5, 'price_vs_clearance': 1, 'comfort_vs_clearance': 1}
2026-05-05 22:30:44,463 - [4a8ec284-0676-4711-8e13-0fd814f823d4] - INFO - [app] - Система підібрала авто: Skoda Octavia Tour 1.6 (2008) (Оцінка: 0.57)
2026-05-05 22:30:44,463 - [4a8ec284-0676-4711-8e13-0fd814f823d4] - INFO - [app] - Відповідь сервера: статус 200
2026-05-05 22:30:57,768 - [509dc107-a6a9-41ec-ba8b-dc5d365888b8] - INFO - [app] - Отримано запит: OPTIONS /api/recommend
2026-05-05 22:30:57,769 - [509dc107-a6a9-41ec-ba8b-dc5d365888b8] - INFO - [app] - Відповідь сервера: статус 200
2026-05-05 22:30:57,775 - [5eae4164-a5c3-4340-9849-61e97bb1f16b] - INFO - [app] - Отримано запит: POST /api/recommend
2026-05-05 22:30:57,775 - [5eae4164-a5c3-4340-9849-61e97bb1f16b] - DEBUG - [app] - Отримано вхідні дані: {'price_vs_comfort': 5, 'price_vs_clearance': 1, 'comfort_vs_clearance': 1}
2026-05-05 22:30:57,775 - [5eae4164-a5c3-4340-9849-61e97bb1f16b] - INFO - [app] - Система підібрала авто: Skoda Octavia Tour 1.6 (2008) (Оцінка: 0.57)
2026-05-05 22:30:57,776 - [5eae4164-a5c3-4340-9849-61e97bb1f16b] - INFO - [app] - Відповідь сервера: статус 200
2026-05-05 22:32:09,178 - [SYSTEM] - INFO - [app] - === ЗАПУСК СИСТЕМИ: Сервер Car Rental DSS ініціалізовано ===
2026-05-05 22:32:09,570 - [SYSTEM] - INFO - [app] - === ЗАПУСК СИСТЕМИ: Сервер Car Rental DSS ініціалізовано ===
2026-05-05 22:32:34,611 - [1e95ff08-09f6-4f3a-8e14-8f60fc4be1cd] - INFO - [app] - Отримано запит: OPTIONS /api/recommend
2026-05-05 22:32:34,611 - [1e95ff08-09f6-4f3a-8e14-8f60fc4be1cd] - INFO - [app] - Відповідь сервера: статус 200
2026-05-05 22:32:34,620 - [914afe4e-ca59-49ff-96b0-8e0efcd6a69c] - INFO - [app] - Отримано запит: POST /api/recommend
2026-05-05 22:32:34,621 - [914afe4e-ca59-49ff-96b0-8e0efcd6a69c] - DEBUG - [app] - Отримано вхідні дані: {'price_vs_comfort': 1, 'price_vs_clearance': 1, 'comfort_vs_clearance': 1}
2026-05-05 22:32:34,623 - [914afe4e-ca59-49ff-96b0-8e0efcd6a69c] - INFO - [app] - Система підібрала авто: Skoda Octavia Tour 1.6 (2008) (Оцінка: 0.47)
2026-05-05 22:32:34,623 - [914afe4e-ca59-49ff-96b0-8e0efcd6a69c] - INFO - [app] - Відповідь сервера: статус 200
2026-05-05 22:33:17,133 - [SYSTEM] - INFO - [app] - === ЗАПУСК СИСТЕМИ: Сервер Car Rental DSS ініціалізовано ===
2026-05-05 22:33:17,526 - [SYSTEM] - INFO - [app] - === ЗАПУСК СИСТЕМИ: Сервер Car Rental DSS ініціалізовано ===
2026-05-05 22:33:27,736 - [ddfba09f-7b9e-4eb7-b5a9-d1e2fb82e02e] - INFO - [app] - Отримано запит: OPTIONS /api/recommend
2026-05-05 22:33:27,737 - [ddfba09f-7b9e-4eb7-b5a9-d1e2fb82e02e] - INFO - [app] - Відповідь сервера: статус 200
2026-05-05 22:33:27,746 - [95693021-4786-4971-9168-ac27168e5d0d] - INFO - [app] - Отримано запит: POST /api/recommend
2026-05-05 22:33:27,747 - [95693021-4786-4971-9168-ac27168e5d0d] - DEBUG - [app] - Отримано вхідні дані: {'price_vs_comfort': 9, 'price_vs_clearance': 1, 'comfort_vs_clearance': 0.2}
2026-05-05 22:33:27,749 - [95693021-4786-4971-9168-ac27168e5d0d] - INFO - [app] - Система підібрала авто: Skoda Octavia Tour 1.6 (2008) (Оцінка: 0.62)
2026-05-05 22:33:27,750 - [95693021-4786-4971-9168-ac27168e5d0d] - INFO - [app] - Відповідь сервера: статус 200
2026-05-05 22:34:34,566 - [6449cb2e-c09f-4e08-8e06-6c322f614483] - INFO - [app] - Отримано запит: OPTIONS /api/recommend
2026-05-05 22:34:34,566 - [6449cb2e-c09f-4e08-8e06-6c322f614483] - INFO - [app] - Відповідь сервера: статус 200
2026-05-05 22:34:34,575 - [aa5a2038-2252-414c-a4c5-18f56f8bb26c] - INFO - [app] - Отримано запит: POST /api/recommend
2026-05-05 22:34:34,575 - [aa5a2038-2252-414c-a4c5-18f56f8bb26c] - DEBUG - [app] - Отримано вхідні дані: {'price_vs_comfort': 9, 'price_vs_clearance': 1, 'comfort_vs_clearance': 0.2}
2026-05-05 22:34:34,576 - [aa5a2038-2252-414c-a4c5-18f56f8bb26c] - INFO - [app] - Система підібрала авто: Skoda Octavia Tour 1.6 (2008) (Оцінка: 0.62)
2026-05-05 22:34:34,576 - [aa5a2038-2252-414c-a4c5-18f56f8bb26c] - INFO - [app] - Відповідь сервера: статус 200
2026-05-05 22:51:05,943 - [SYSTEM] - INFO - [app] - === ЗАПУСК СИСТЕМИ: Сервер Car Rental DSS ініціалізовано ===
2026-05-05 22:51:06,325 - [SYSTEM] - INFO - [app] - === ЗАПУСК СИСТЕМИ: Сервер Car Rental DSS ініціалізовано ===
2026-05-05 22:55:33,876 - [SYSTEM] - INFO - [app] - === ЗАПУСК СИСТЕМИ: Сервер Car Rental DSS ініціалізовано ===
2026-05-05 22:55:34,262 - [SYSTEM] - INFO - [app] - === ЗАПУСК СИСТЕМИ: Сервер Car Rental DSS ініціалізовано ===
2026-05-05 22:57:18,465 - [41361272-071f-4135-8281-4de1a2e617b5] - INFO - [app] - Отримано запит: OPTIONS /api/recommend
2026-05-05 22:57:18,466 - [41361272-071f-4135-8281-4de1a2e617b5] - INFO - [app] - Відповідь сервера: статус 200
2026-05-05 22:57:18,484 - [5f89fcf7-068b-4583-ad2d-ed433706e779] - INFO - [app] - Отримано запит: POST /api/recommend
2026-05-05 22:57:18,487 - [5f89fcf7-068b-4583-ad2d-ed433706e779] - DEBUG - [app] - Отримано вхідні дані: {'price_vs_comfort': 5, 'price_vs_clearance': 0.2, 'comfort_vs_clearance': 0.11}
2026-05-05 22:57:18,491 - [5f89fcf7-068b-4583-ad2d-ed433706e779] - INFO - [app] - Система підібрала авто: Skoda Octavia Tour 1.6 (2008) (Оцінка: 0.54)
2026-05-05 22:57:18,504 - [5f89fcf7-068b-4583-ad2d-ed433706e779] - INFO - [app] - Відповідь сервера: статус 200
2026-05-25 20:07:49,926 - [SYSTEM] - INFO - [app] - === ЗАПУСК СИСТЕМИ: Сервер Car Rental DSS ініціалізовано ===
2026-05-25 20:07:50,406 - [SYSTEM] - INFO - [app] - === ЗАПУСК СИСТЕМИ: Сервер Car Rental DSS ініціалізовано ===
2026-05-25 20:08:02,633 - [8d57e56f-d54f-4814-ba72-ff448193aedb] - INFO - [app] - Отримано запит: GET /
2026-05-25 20:08:02,634 - [8d57e56f-d54f-4814-ba72-ff448193aedb] - WARNING - [app] - Спроба доступу до неіснуючого ресурсу: http://127.0.0.1:5000/
2026-05-25 20:08:02,636 - [8d57e56f-d54f-4814-ba72-ff448193aedb] - INFO - [app] - Відповідь сервера: статус 404
2026-05-25 20:08:02,861 - [faaedf31-5f69-4bcc-b6c8-8c653d7d39cc] - INFO - [app] - Отримано запит: GET /favicon.ico
2026-05-25 20:08:02,861 - [faaedf31-5f69-4bcc-b6c8-8c653d7d39cc] - WARNING - [app] - Спроба доступу до неіснуючого ресурсу: http://127.0.0.1:5000/favicon.ico
2026-05-25 20:08:02,862 - [faaedf31-5f69-4bcc-b6c8-8c653d7d39cc] - INFO - [app] - Відповідь сервера: статус 404
2026-05-25 20:09:46,074 - [SYSTEM] - INFO - [app] - === ЗАПУСК СИСТЕМИ: Сервер Car Rental DSS ініціалізовано ===
2026-05-25 20:09:46,471 - [SYSTEM] - INFO - [app] - === ЗАПУСК СИСТЕМИ: Сервер Car Rental DSS ініціалізовано ===
2026-05-25 20:13:34,726 - [SYSTEM] - INFO - [app] - === ЗАПУСК СИСТЕМИ: Сервер Car Rental DSS ініціалізовано ===
2026-05-25 20:13:35,130 - [SYSTEM] - INFO - [app] - === ЗАПУСК СИСТЕМИ: Сервер Car Rental DSS ініціалізовано ===
2026-05-25 20:19:19,417 - [926218b5-88f1-4d8d-841f-89e9f5314290] - ERROR - [app] - FRONTEND ERROR: Uncaught TypeError: Cannot read properties of null (reading 'addEventListener') | Файл: file:///C:/Users/Expert_PC/Documents/bachelor-landing/index.html | Рядок: 233
2026-05-25 20:19:41,765 - [SYSTEM] - INFO - [app] - === ЗАПУСК СИСТЕМИ: Сервер Car Rental DSS ініціалізовано ===
2026-05-25 20:19:42,158 - [SYSTEM] - INFO - [app] - === ЗАПУСК СИСТЕМИ: Сервер Car Rental DSS ініціалізовано ===
2026-05-25 20:19:45,409 - [3434e1e9-8245-4b57-a418-51664bc6f464] - ERROR - [app] - FRONTEND ERROR: Uncaught TypeError: Cannot read properties of null (reading 'addEventListener') | Файл: file:///C:/Users/Expert_PC/Documents/bachelor-landing/index.html | Рядок: 233
2026-05-25 20:20:35,943 - [9d915057-e3b7-40ca-9a39-5ec77567cf31] - ERROR - [app] - FRONTEND ERROR: Uncaught TypeError: Cannot read properties of null (reading 'addEventListener') | Файл: file:///C:/Users/Expert_PC/Documents/bachelor-landing/index.html | Рядок: 233
2026-05-25 20:20:47,888 - [475f11bd-6c67-46f1-9e50-4148999b4f14] - INFO - [app] - Отримано запит: OPTIONS /api/recommend
2026-05-25 20:20:47,888 - [475f11bd-6c67-46f1-9e50-4148999b4f14] - INFO - [app] - Відповідь сервера: статус 200
2026-05-25 20:20:47,895 - [6d194755-0347-44fa-86b8-4e7e49e758fd] - INFO - [app] - Отримано запит: POST /api/recommend
2026-05-25 20:20:47,896 - [6d194755-0347-44fa-86b8-4e7e49e758fd] - DEBUG - [app] - Отримано вхідні дані: {'price_vs_comfort': 5, 'price_vs_clearance': 0.2, 'comfort_vs_clearance': 9}
2026-05-25 20:20:47,905 - [6d194755-0347-44fa-86b8-4e7e49e758fd] - INFO - [app] - Система підібрала авто: Audi Q5 2.0 TFSI (Оцінка: 0.60)
2026-05-25 20:20:47,909 - [6d194755-0347-44fa-86b8-4e7e49e758fd] - INFO - [app] - Відповідь сервера: статус 200
2026-05-25 20:23:22,127 - [881f53e6-b981-4b18-aff9-8057dcb52218] - ERROR - [app] - FRONTEND ERROR: Uncaught TypeError: Cannot read properties of null (reading 'addEventListener') | Файл: file:///C:/Users/Expert_PC/Documents/bachelor-landing/index.html? | Рядок: 233
2026-05-25 20:23:38,062 - [e9fe920b-9646-49a2-b09f-e603cdb2b796] - INFO - [app] - Отримано запит: OPTIONS /api/recommend
2026-05-25 20:23:38,063 - [e9fe920b-9646-49a2-b09f-e603cdb2b796] - INFO - [app] - Відповідь сервера: статус 200
2026-05-25 20:23:38,069 - [8f846590-5d9a-4df6-8807-3bd187444416] - INFO - [app] - Отримано запит: POST /api/recommend
2026-05-25 20:23:38,070 - [8f846590-5d9a-4df6-8807-3bd187444416] - DEBUG - [app] - Отримано вхідні дані: {'price_vs_comfort': 1, 'price_vs_clearance': 1, 'comfort_vs_clearance': 1}
2026-05-25 20:23:38,071 - [8f846590-5d9a-4df6-8807-3bd187444416] - INFO - [app] - Система підібрала авто: Audi Q5 2.0 TFSI (Оцінка: 0.60)
2026-05-25 20:23:38,072 - [8f846590-5d9a-4df6-8807-3bd187444416] - INFO - [app] - Відповідь сервера: статус 200
2026-05-25 20:24:28,647 - [4a813df8-c77e-4d46-8691-ca42e33f4287] - ERROR - [app] - FRONTEND ERROR: Uncaught TypeError: Cannot read properties of null (reading 'addEventListener') | Файл: file:///C:/Users/Expert_PC/Documents/bachelor-landing/index.html? | Рядок: 233
2026-05-25 20:28:12,871 - [4fd0d18f-5756-4c2f-9961-aa1c1d43e39d] - ERROR - [app] - FRONTEND ERROR: Uncaught TypeError: Cannot read properties of null (reading 'addEventListener') | Файл: file:///C:/Users/Expert_PC/Documents/bachelor-landing/index.html? | Рядок: 233
2026-05-25 20:28:18,973 - [2a90e16f-a06a-406f-87ab-c5e077d04d7b] - INFO - [app] - Отримано запит: OPTIONS /api/recommend
2026-05-25 20:28:18,974 - [2a90e16f-a06a-406f-87ab-c5e077d04d7b] - INFO - [app] - Відповідь сервера: статус 200
2026-05-25 20:28:18,983 - [9dd01346-69e2-4a03-962e-8a525e2bf792] - INFO - [app] - Отримано запит: POST /api/recommend
2026-05-25 20:28:18,984 - [9dd01346-69e2-4a03-962e-8a525e2bf792] - DEBUG - [app] - Отримано вхідні дані: {'price_vs_comfort': 5, 'price_vs_clearance': 0.2, 'comfort_vs_clearance': 0.11}
2026-05-25 20:28:18,986 - [9dd01346-69e2-4a03-962e-8a525e2bf792] - INFO - [app] - Система підібрала авто: Audi Q5 2.0 TFSI (Оцінка: 0.66)
2026-05-25 20:28:18,986 - [9dd01346-69e2-4a03-962e-8a525e2bf792] - INFO - [app] - Відповідь сервера: статус 200
2026-05-25 20:28:28,684 - [22b0d517-9c8a-4caf-a438-16edaf0811f9] - ERROR - [app] - FRONTEND ERROR: Uncaught TypeError: Cannot read properties of null (reading 'addEventListener') | Файл: file:///C:/Users/Expert_PC/Documents/bachelor-landing/index.html? | Рядок: 233
2026-05-25 20:29:07,972 - [b5ce2b54-06f8-42db-9ff4-232ff37fcfb0] - INFO - [app] - Отримано запит: OPTIONS /api/recommend
2026-05-25 20:29:07,973 - [b5ce2b54-06f8-42db-9ff4-232ff37fcfb0] - INFO - [app] - Відповідь сервера: статус 200
2026-05-25 20:29:07,979 - [9fd32a18-ba22-43d9-952f-4e4b3c9ead8d] - INFO - [app] - Отримано запит: POST /api/recommend
2026-05-25 20:29:07,981 - [9fd32a18-ba22-43d9-952f-4e4b3c9ead8d] - DEBUG - [app] - Отримано вхідні дані: {'price_vs_comfort': 5, 'price_vs_clearance': 0.2, 'comfort_vs_clearance': 0.11}
2026-05-25 20:29:07,981 - [9fd32a18-ba22-43d9-952f-4e4b3c9ead8d] - INFO - [app] - Система підібрала авто: Audi Q5 2.0 TFSI (Оцінка: 0.66)
2026-05-25 20:29:07,983 - [9fd32a18-ba22-43d9-952f-4e4b3c9ead8d] - INFO - [app] - Відповідь сервера: статус 200
2026-05-25 20:29:32,437 - [d3a3ab98-5746-494c-a32b-e8771f63a06f] - ERROR - [app] - FRONTEND ERROR: Uncaught TypeError: Cannot read properties of null (reading 'addEventListener') | Файл: file:///C:/Users/Expert_PC/Documents/bachelor-landing/index.html? | Рядок: 233
2026-05-25 20:34:26,675 - [38402a33-c3f5-47d3-8699-5f0e504d30a5] - ERROR - [app] - FRONTEND ERROR: Uncaught TypeError: document.getElementById(...) is not a function | Файл: file:///C:/Users/Expert_PC/Documents/bachelor-landing/index.html? | Рядок: 258
2026-05-25 20:34:30,170 - [79a349a4-47a6-4ed7-9d00-4916288c0c13] - ERROR - [app] - FRONTEND ERROR: Uncaught TypeError: document.getElementById(...) is not a function | Файл: file:///C:/Users/Expert_PC/Documents/bachelor-landing/index.html? | Рядок: 258
2026-05-25 20:34:40,379 - [ea05a61a-9bfb-410b-a291-8899d7d3b4a5] - INFO - [app] - Отримано запит: OPTIONS /api/recommend
2026-05-25 20:34:40,380 - [ea05a61a-9bfb-410b-a291-8899d7d3b4a5] - INFO - [app] - Відповідь сервера: статус 200
2026-05-25 20:34:40,388 - [e04e3101-01f6-480d-bdc3-6b61a5432c71] - INFO - [app] - Отримано запит: POST /api/recommend
2026-05-25 20:34:40,389 - [e04e3101-01f6-480d-bdc3-6b61a5432c71] - DEBUG - [app] - Отримано вхідні дані: {'price_vs_comfort': 9, 'price_vs_clearance': 5, 'comfort_vs_clearance': 1}
2026-05-25 20:34:40,390 - [e04e3101-01f6-480d-bdc3-6b61a5432c71] - INFO - [app] - Система підібрала авто: Skoda Octavia Tour 1.6 (Оцінка: 0.80)
2026-05-25 20:34:40,391 - [e04e3101-01f6-480d-bdc3-6b61a5432c71] - INFO - [app] - Відповідь сервера: статус 200
2026-05-25 20:34:59,438 - [9dfe40f6-28dd-4c35-8767-073b3ee03dc8] - ERROR - [app] - FRONTEND ERROR: Uncaught ReferenceError: handleBooking is not defined | Файл: file:///C:/Users/Expert_PC/Documents/bachelor-landing/index.html? | Рядок: 156
2026-05-25 20:34:59,485 - [e7f1c214-104b-487b-b5b0-992599cc044f] - ERROR - [app] - FRONTEND ERROR: Uncaught TypeError: document.getElementById(...) is not a function | Файл: file:///C:/Users/Expert_PC/Documents/bachelor-landing/index.html? | Рядок: 258
2026-05-25 20:35:10,523 - [2eacb2e6-7c20-45c7-bb4a-f4e8adcc5a0b] - ERROR - [app] - FRONTEND ERROR: Uncaught TypeError: document.getElementById(...) is not a function | Файл: file:///C:/Users/Expert_PC/Documents/bachelor-landing/index.html? | Рядок: 258
2026-05-25 20:35:26,248 - [bac6e58a-5c96-4ea7-a4ac-5e01d84d763e] - INFO - [app] - Отримано запит: OPTIONS /api/recommend
2026-05-25 20:35:26,249 - [bac6e58a-5c96-4ea7-a4ac-5e01d84d763e] - INFO - [app] - Відповідь сервера: статус 200
2026-05-25 20:35:26,255 - [9e62f2e5-9336-4896-bd8c-93bb83a01cd5] - INFO - [app] - Отримано запит: POST /api/recommend
2026-05-25 20:35:26,256 - [9e62f2e5-9336-4896-bd8c-93bb83a01cd5] - DEBUG - [app] - Отримано вхідні дані: {'price_vs_comfort': 5, 'price_vs_clearance': 1, 'comfort_vs_clearance': 9}
2026-05-25 20:35:26,258 - [9e62f2e5-9336-4896-bd8c-93bb83a01cd5] - INFO - [app] - Система підібрала авто: Skoda Octavia Tour 1.6 (Оцінка: 0.63)
2026-05-25 20:35:26,258 - [9e62f2e5-9336-4896-bd8c-93bb83a01cd5] - INFO - [app] - Відповідь сервера: статус 200
2026-05-25 20:35:46,399 - [f0855264-596b-4546-b67f-5e5f128ecd57] - ERROR - [app] - FRONTEND ERROR: Uncaught ReferenceError: handleBooking is not defined | Файл: file:///C:/Users/Expert_PC/Documents/bachelor-landing/index.html? | Рядок: 156
2026-05-25 20:35:46,443 - [6197d1f3-9f4b-47a2-b70f-ede5c3f8f38a] - ERROR - [app] - FRONTEND ERROR: Uncaught TypeError: document.getElementById(...) is not a function | Файл: file:///C:/Users/Expert_PC/Documents/bachelor-landing/index.html? | Рядок: 258
2026-05-25 20:38:42,996 - [ca519058-5cfc-45e0-b9d2-630110f9ef72] - INFO - [app] - Отримано запит: OPTIONS /api/recommend
2026-05-25 20:38:42,996 - [ca519058-5cfc-45e0-b9d2-630110f9ef72] - INFO - [app] - Відповідь сервера: статус 200
2026-05-25 20:38:43,003 - [3c349e1c-7b1d-4b6d-853d-c07d1f4fbfc3] - INFO - [app] - Отримано запит: POST /api/recommend
2026-05-25 20:38:43,005 - [3c349e1c-7b1d-4b6d-853d-c07d1f4fbfc3] - DEBUG - [app] - Отримано вхідні дані: {'price_vs_comfort': 9, 'price_vs_clearance': 5, 'comfort_vs_clearance': 9}
2026-05-25 20:38:43,006 - [3c349e1c-7b1d-4b6d-853d-c07d1f4fbfc3] - INFO - [app] - Система підібрала авто: Skoda Octavia Tour 1.6 (Оцінка: 0.72)
2026-05-25 20:38:43,007 - [3c349e1c-7b1d-4b6d-853d-c07d1f4fbfc3] - INFO - [app] - Відповідь сервера: статус 200
2026-05-25 20:40:24,869 - [7da9f149-019b-4b06-ae52-e69874e1a268] - INFO - [app] - Отримано запит: OPTIONS /api/book
2026-05-25 20:40:24,869 - [7da9f149-019b-4b06-ae52-e69874e1a268] - INFO - [app] - Відповідь сервера: статус 200
2026-05-25 20:40:24,875 - [c0525e19-8b98-46f8-8e23-069d9a612d24] - INFO - [app] - Отримано запит: POST /api/book
2026-05-25 20:40:24,877 - [c0525e19-8b98-46f8-8e23-069d9a612d24] - INFO - [app] - Відповідь сервера: статус 400
2026-05-25 20:40:30,538 - [6407e17d-d690-4b0f-9d71-6ec29c7bc117] - INFO - [app] - Отримано запит: OPTIONS /api/book
2026-05-25 20:40:30,538 - [6407e17d-d690-4b0f-9d71-6ec29c7bc117] - INFO - [app] - Відповідь сервера: статус 200
2026-05-25 20:40:30,543 - [f8f4169d-a075-4d50-a4f3-e5232708fd98] - INFO - [app] - Отримано запит: POST /api/book
2026-05-25 20:40:30,544 - [f8f4169d-a075-4d50-a4f3-e5232708fd98] - INFO - [app] - Відповідь сервера: статус 400
2026-05-25 20:49:52,455 - [SYSTEM] - INFO - [app] - === ЗАПУСК СИСТЕМИ: Сервер Car Rental DSS ініціалізовано ===
2026-05-25 20:50:49,024 - [SYSTEM] - INFO - [app] - === ЗАПУСК СИСТЕМИ: Сервер Car Rental DSS ініціалізовано ===
2026-05-25 20:51:00,762 - [SYSTEM] - INFO - [app] - === ЗАПУСК СИСТЕМИ: Сервер Car Rental DSS ініціалізовано ===
2026-05-25 20:52:40,260 - [SYSTEM] - INFO - [app] - === ЗАПУСК СИСТЕМИ: Сервер Car Rental DSS ініціалізовано ===
2026-05-25 20:52:40,660 - [SYSTEM] - INFO - [app] - === ЗАПУСК СИСТЕМИ: Сервер Car Rental DSS ініціалізовано ===
2026-05-25 20:53:01,972 - [fed38461-0b7d-4762-8cac-3c2c9d785655] - INFO - [app] - Отримано запит: OPTIONS /api/recommend
2026-05-25 20:53:01,972 - [fed38461-0b7d-4762-8cac-3c2c9d785655] - INFO - [app] - Відповідь сервера: статус 200
2026-05-25 20:53:01,981 - [a2c6b673-be7e-4b6f-bf6d-0f9724a8c0de] - INFO - [app] - Отримано запит: POST /api/recommend
2026-05-25 20:53:01,982 - [a2c6b673-be7e-4b6f-bf6d-0f9724a8c0de] - DEBUG - [app] - Отримано вхідні дані: {'price_vs_comfort': 5, 'price_vs_clearance': 1, 'comfort_vs_clearance': 0.11}
2026-05-25 20:53:01,983 - [a2c6b673-be7e-4b6f-bf6d-0f9724a8c0de] - INFO - [app] - Система підібрала авто: Skoda Octavia Tour 1.6 (Оцінка: 0.71)
2026-05-25 20:53:01,984 - [a2c6b673-be7e-4b6f-bf6d-0f9724a8c0de] - INFO - [app] - Відповідь сервера: статус 200
2026-05-25 20:53:29,758 - [d45af220-a66a-45af-bab8-18e0aa116bbe] - INFO - [app] - Отримано запит: OPTIONS /api/book
2026-05-25 20:53:29,758 - [d45af220-a66a-45af-bab8-18e0aa116bbe] - INFO - [app] - Відповідь сервера: статус 200
2026-05-25 20:53:29,764 - [ca532457-7cf4-4f77-b833-eb61d8ec5df5] - INFO - [app] - Отримано запит: POST /api/book
2026-05-25 20:53:30,600 - [ca532457-7cf4-4f77-b833-eb61d8ec5df5] - INFO - [app] - Відповідь сервера: статус 200
2026-05-25 21:06:46,975 - [SYSTEM] - INFO - [app] - === ЗАПУСК СИСТЕМИ: Сервер Car Rental DSS ініціалізовано ===
2026-05-25 21:06:47,372 - [SYSTEM] - INFO - [app] - === ЗАПУСК СИСТЕМИ: Сервер Car Rental DSS ініціалізовано ===
2026-05-25 21:07:09,092 - [535f0e2e-ebef-4871-b54b-6d61a05a6840] - INFO - [app] - Отримано запит: OPTIONS /api/recommend
2026-05-25 21:07:09,093 - [535f0e2e-ebef-4871-b54b-6d61a05a6840] - INFO - [app] - Відповідь сервера: статус 200
2026-05-25 21:07:09,102 - [6532d607-2292-4346-bad8-6dd25f26c1a0] - INFO - [app] - Отримано запит: POST /api/recommend
2026-05-25 21:07:09,103 - [6532d607-2292-4346-bad8-6dd25f26c1a0] - DEBUG - [app] - Отримано вхідні дані: {'price_vs_comfort': 5, 'price_vs_clearance': 0.2, 'comfort_vs_clearance': 0.2}
2026-05-25 21:07:09,105 - [6532d607-2292-4346-bad8-6dd25f26c1a0] - INFO - [app] - Система підібрала авто: Audi Q5 2.0 TFSI (Оцінка: 0.63)
2026-05-25 21:07:09,107 - [6532d607-2292-4346-bad8-6dd25f26c1a0] - INFO - [app] - Відповідь сервера: статус 200
2026-05-25 21:07:24,307 - [13d5c386-5ab2-4991-b208-e71a218ea922] - INFO - [app] - Отримано запит: OPTIONS /api/book
2026-05-25 21:07:24,308 - [13d5c386-5ab2-4991-b208-e71a218ea922] - INFO - [app] - Відповідь сервера: статус 200
2026-05-25 21:07:24,313 - [1cf964fe-086b-4502-ae34-d986173b0691] - INFO - [app] - Отримано запит: POST /api/book
2026-05-25 21:07:25,453 - [1cf964fe-086b-4502-ae34-d986173b0691] - INFO - [app] - Відповідь сервера: статус 200
2026-05-25 21:34:29,972 - [SYSTEM] - INFO - [app] - === ЗАПУСК СИСТЕМИ: Сервер Car Rental DSS ініціалізовано ===
2026-05-25 21:34:30,391 - [SYSTEM] - INFO - [app] - === ЗАПУСК СИСТЕМИ: Сервер Car Rental DSS ініціалізовано ===
2026-05-25 21:38:32,329 - [SYSTEM] - INFO - [app] - === ЗАПУСК СИСТЕМИ: Сервер Car Rental DSS ініціалізовано ===
2026-05-25 21:38:32,728 - [SYSTEM] - INFO - [app] - === ЗАПУСК СИСТЕМИ: Сервер Car Rental DSS ініціалізовано ===
2026-05-25 21:38:49,071 - [7280d5e5-1649-4297-9ff9-fbb6e7d5601b] - INFO - [app] - Отримано запит: OPTIONS /api/recommend
2026-05-25 21:38:49,072 - [7280d5e5-1649-4297-9ff9-fbb6e7d5601b] - INFO - [app] - Відповідь сервера: статус 200
2026-05-25 21:38:49,080 - [8e01dcd8-082e-41c7-8644-9d89d610bb9d] - INFO - [app] - Отримано запит: POST /api/recommend
2026-05-25 21:38:49,081 - [8e01dcd8-082e-41c7-8644-9d89d610bb9d] - DEBUG - [app] - Отримано вхідні дані: {'price_vs_comfort': 5, 'price_vs_clearance': 0.2, 'comfort_vs_clearance': 9}
2026-05-25 21:38:49,083 - [8e01dcd8-082e-41c7-8644-9d89d610bb9d] - INFO - [app] - Система підібрала авто: Audi SQ5 (Оцінка: 0.60)
2026-05-25 21:38:49,084 - [8e01dcd8-082e-41c7-8644-9d89d610bb9d] - INFO - [app] - Відповідь сервера: статус 200
2026-05-25 21:40:44,110 - [a434c26d-6979-466a-9a95-d9b8fc923b30] - INFO - [app] - Отримано запит: OPTIONS /api/recommend
2026-05-25 21:40:44,111 - [a434c26d-6979-466a-9a95-d9b8fc923b30] - INFO - [app] - Відповідь сервера: статус 200
2026-05-25 21:40:44,118 - [b4920ec9-519e-4c24-be8d-fd800a8fc487] - INFO - [app] - Отримано запит: POST /api/recommend
2026-05-25 21:40:44,118 - [b4920ec9-519e-4c24-be8d-fd800a8fc487] - DEBUG - [app] - Отримано вхідні дані: {'price_vs_comfort': 1, 'price_vs_clearance': 1, 'comfort_vs_clearance': 1}
2026-05-25 21:40:44,120 - [b4920ec9-519e-4c24-be8d-fd800a8fc487] - INFO - [app] - Система підібрала авто: Audi SQ5 (Оцінка: 0.60)
2026-05-25 21:40:44,121 - [b4920ec9-519e-4c24-be8d-fd800a8fc487] - INFO - [app] - Відповідь сервера: статус 200
2026-05-25 21:49:10,787 - [SYSTEM] - INFO - [app] - === ЗАПУСК СИСТЕМИ: Сервер Car Rental DSS ініціалізовано ===
2026-05-25 21:49:11,183 - [SYSTEM] - INFO - [app] - === ЗАПУСК СИСТЕМИ: Сервер Car Rental DSS ініціалізовано ===
2026-05-25 21:49:21,831 - [1abc049e-1bcd-4a1a-a673-8343aee3fd9a] - INFO - [app] - Отримано запит: OPTIONS /api/recommend
2026-05-25 21:49:21,832 - [1abc049e-1bcd-4a1a-a673-8343aee3fd9a] - INFO - [app] - Відповідь сервера: статус 200
2026-05-25 21:49:21,843 - [6ea8b2a4-b115-4f97-a7f7-e9dfff578f5a] - INFO - [app] - Отримано запит: POST /api/recommend
2026-05-25 21:49:21,844 - [6ea8b2a4-b115-4f97-a7f7-e9dfff578f5a] - DEBUG - [app] - Отримано вхідні дані: {'price_vs_comfort': 1, 'price_vs_clearance': 1, 'comfort_vs_clearance': 1}
2026-05-25 21:49:21,846 - [6ea8b2a4-b115-4f97-a7f7-e9dfff578f5a] - INFO - [app] - Система підібрала авто: Audi SQ5 (Оцінка: 0.60)
2026-05-25 21:49:21,847 - [6ea8b2a4-b115-4f97-a7f7-e9dfff578f5a] - INFO - [app] - Відповідь сервера: статус 200
2026-05-25 21:50:45,265 - [ef52cfd0-4263-4568-84d9-59f3c14fcfd4] - INFO - [app] - Отримано запит: OPTIONS /api/book
2026-05-25 21:50:45,265 - [ef52cfd0-4263-4568-84d9-59f3c14fcfd4] - INFO - [app] - Відповідь сервера: статус 200
2026-05-25 21:50:45,272 - [31cd7832-b356-416b-b526-b2ff91bc3363] - INFO - [app] - Отримано запит: POST /api/book
2026-05-25 21:50:46,838 - [31cd7832-b356-416b-b526-b2ff91bc3363] - INFO - [app] - Відповідь сервера: статус 200
2026-05-27 19:03:22,965 - [SYSTEM] - INFO - [app] - === ЗАПУСК СИСТЕМИ: Сервер Car Rental DSS ініціалізовано ===
2026-05-27 19:03:23,510 - [SYSTEM] - INFO - [app] - === ЗАПУСК СИСТЕМИ: Сервер Car Rental DSS ініціалізовано ===
2026-05-27 19:03:59,875 - [edc9e4b5-efb2-4ed1-84a2-7cdf675750be] - INFO - [app] - Отримано запит: GET /static/images/insignia.jpg
2026-05-27 19:03:59,882 - [edc9e4b5-efb2-4ed1-84a2-7cdf675750be] - WARNING - [app] - Спроба доступу до неіснуючого ресурсу: http://127.0.0.1:5000/static/images/insignia.jpg
2026-05-27 19:03:59,884 - [edc9e4b5-efb2-4ed1-84a2-7cdf675750be] - INFO - [app] - Відповідь сервера: статус 404
2026-05-27 19:04:02,488 - [78696389-fd2b-49f7-90d5-ddf198baf641] - INFO - [app] - Отримано запит: OPTIONS /api/recommend
2026-05-27 19:04:02,488 - [78696389-fd2b-49f7-90d5-ddf198baf641] - INFO - [app] - Відповідь сервера: статус 200
2026-05-27 19:04:02,498 - [268c83ae-1a01-479a-b21c-d2758ab1bf87] - INFO - [app] - Отримано запит: POST /api/recommend
2026-05-27 19:04:02,498 - [268c83ae-1a01-479a-b21c-d2758ab1bf87] - DEBUG - [app] - Отримано вхідні дані: {'price_vs_comfort': 1, 'price_vs_clearance': 1, 'comfort_vs_clearance': 1}
2026-05-27 19:04:02,543 - [268c83ae-1a01-479a-b21c-d2758ab1bf87] - INFO - [app] - Система підібрала авто: Skoda Octavia (Оцінка: 0.60)
2026-05-27 19:04:02,546 - [268c83ae-1a01-479a-b21c-d2758ab1bf87] - INFO - [app] - Відповідь сервера: статус 200
2026-05-27 19:09:40,966 - [SYSTEM] - INFO - [app] - === ЗАПУСК СИСТЕМИ: Сервер Car Rental DSS ініціалізовано ===
2026-05-27 19:09:41,398 - [SYSTEM] - INFO - [app] - === ЗАПУСК СИСТЕМИ: Сервер Car Rental DSS ініціалізовано ===
2026-05-27 19:10:04,258 - [8bada393-dc69-478a-ba1c-f901c80f0773] - INFO - [app] - Отримано запит: GET /static/images/insignia.jpg
2026-05-27 19:10:04,331 - [8bada393-dc69-478a-ba1c-f901c80f0773] - INFO - [app] - Відповідь сервера: статус 200
2026-05-27 19:12:08,572 - [83bc9cfe-dc37-45bd-b65f-0208200fc0d0] - INFO - [app] - Отримано запит: GET /static/images/insignia.jpg
2026-05-27 19:12:08,574 - [83bc9cfe-dc37-45bd-b65f-0208200fc0d0] - INFO - [app] - Відповідь сервера: статус 200
2026-05-27 19:12:08,586 - [9918f3a2-96cd-4bad-9035-3b6cf130cad1] - INFO - [app] - Отримано запит: GET /static/images/camry_v70.jpg
2026-05-27 19:12:08,591 - [9918f3a2-96cd-4bad-9035-3b6cf130cad1] - INFO - [app] - Відповідь сервера: статус 200
2026-05-27 19:12:08,845 - [c6d601c1-ff28-4239-aebf-7a9979ac31d0] - INFO - [app] - Отримано запит: GET /static/images/insignia.jpg
2026-05-27 19:12:08,849 - [c6d601c1-ff28-4239-aebf-7a9979ac31d0] - INFO - [app] - Відповідь сервера: статус 200
2026-05-27 19:12:09,599 - [b41c226c-6527-46f5-a6ca-6c7131141a91] - INFO - [app] - Отримано запит: GET /static/images/passat.jpg
2026-05-27 19:12:09,605 - [b41c226c-6527-46f5-a6ca-6c7131141a91] - INFO - [app] - Відповідь сервера: статус 200
2026-05-27 19:12:09,826 - [68b4373a-2e6e-486d-b913-fa1ad2529ce6] - INFO - [app] - Отримано запит: GET /static/images/insignia.jpg
2026-05-27 19:12:09,832 - [68b4373a-2e6e-486d-b913-fa1ad2529ce6] - INFO - [app] - Відповідь сервера: статус 200
2026-05-27 19:12:09,966 - [b2970be6-5dec-4aed-be82-336dd6fc7e4e] - INFO - [app] - Отримано запит: GET /static/images/insignia.jpg
2026-05-27 19:12:09,970 - [b2970be6-5dec-4aed-be82-336dd6fc7e4e] - INFO - [app] - Відповідь сервера: статус 200
2026-05-27 19:12:10,145 - [83ebf6a8-b2fc-42a6-84f9-ed7ce32a6352] - INFO - [app] - Отримано запит: GET /static/images/insignia.jpg
2026-05-27 19:12:10,148 - [83ebf6a8-b2fc-42a6-84f9-ed7ce32a6352] - INFO - [app] - Відповідь сервера: статус 200
2026-05-27 19:12:10,345 - [6754dec5-0d38-425b-9910-126b667fefdb] - INFO - [app] - Отримано запит: GET /static/images/insignia.jpg
2026-05-27 19:12:10,349 - [6754dec5-0d38-425b-9910-126b667fefdb] - INFO - [app] - Відповідь сервера: статус 200
2026-05-27 19:12:11,117 - [c06159b0-904c-4dd6-b034-cfc5ed6b9b61] - INFO - [app] - Отримано запит: GET /static/images/insignia.jpg
2026-05-27 19:12:11,122 - [c06159b0-904c-4dd6-b034-cfc5ed6b9b61] - INFO - [app] - Відповідь сервера: статус 200
2026-05-27 19:12:11,326 - [23d25144-b182-45fd-8568-d1a4a361f475] - INFO - [app] - Отримано запит: GET /static/images/passat.jpg
2026-05-27 19:12:11,331 - [23d25144-b182-45fd-8568-d1a4a361f475] - INFO - [app] - Відповідь сервера: статус 200
2026-05-27 19:12:11,504 - [7a7d23d5-aa97-4f20-85ba-6a297e02198e] - INFO - [app] - Отримано запит: GET /static/images/insignia.jpg
2026-05-27 19:12:11,509 - [7a7d23d5-aa97-4f20-85ba-6a297e02198e] - INFO - [app] - Відповідь сервера: статус 200
2026-05-27 19:12:11,756 - [a5492fe7-93e4-4fa8-8a2a-8c02722999ba] - INFO - [app] - Отримано запит: GET /static/images/insignia.jpg
2026-05-27 19:12:11,761 - [a5492fe7-93e4-4fa8-8a2a-8c02722999ba] - INFO - [app] - Відповідь сервера: статус 200
2026-05-27 19:12:11,978 - [a191e21b-2bad-4168-bf74-991df4c881a3] - INFO - [app] - Отримано запит: GET /static/images/insignia.jpg
2026-05-27 19:12:11,982 - [a191e21b-2bad-4168-bf74-991df4c881a3] - INFO - [app] - Відповідь сервера: статус 200
2026-05-27 19:12:12,226 - [4d71d3f2-df25-49c3-8957-03d7639e5fb2] - INFO - [app] - Отримано запит: GET /static/images/insignia.jpg
2026-05-27 19:12:12,231 - [4d71d3f2-df25-49c3-8957-03d7639e5fb2] - INFO - [app] - Відповідь сервера: статус 200
2026-05-27 19:12:12,445 - [b41d4b2e-3cce-4fb9-aae1-951bbbe40c1c] - INFO - [app] - Отримано запит: GET /static/images/passat.jpg
2026-05-27 19:12:12,448 - [b41d4b2e-3cce-4fb9-aae1-951bbbe40c1c] - INFO - [app] - Відповідь сервера: статус 200
2026-05-27 19:12:12,633 - [60588130-a919-4db1-bf91-9d4820f8d041] - INFO - [app] - Отримано запит: GET /static/images/insignia.jpg
2026-05-27 19:12:12,638 - [60588130-a919-4db1-bf91-9d4820f8d041] - INFO - [app] - Відповідь сервера: статус 200
2026-05-27 19:12:12,834 - [5130cb80-6de5-45ca-971a-c7c645925e7d] - INFO - [app] - Отримано запит: GET /static/images/insignia.jpg
2026-05-27 19:12:12,837 - [5130cb80-6de5-45ca-971a-c7c645925e7d] - INFO - [app] - Відповідь сервера: статус 200
2026-05-27 19:12:13,014 - [bfc7b1a9-a9df-4681-ab64-87ab7b92a172] - INFO - [app] - Отримано запит: GET /static/images/insignia.jpg
2026-05-27 19:12:13,018 - [bfc7b1a9-a9df-4681-ab64-87ab7b92a172] - INFO - [app] - Відповідь сервера: статус 200
2026-05-27 19:12:13,194 - [8d303947-0e12-49e0-be68-c7b50bb07a69] - INFO - [app] - Отримано запит: GET /static/images/insignia.jpg
2026-05-27 19:12:13,198 - [8d303947-0e12-49e0-be68-c7b50bb07a69] - INFO - [app] - Відповідь сервера: статус 200
2026-05-27 19:12:13,414 - [d77d4443-8321-44e1-8516-55537e6aaee8] - INFO - [app] - Отримано запит: GET /static/images/insignia.jpg
2026-05-27 19:12:13,419 - [d77d4443-8321-44e1-8516-55537e6aaee8] - INFO - [app] - Відповідь сервера: статус 200
2026-05-27 19:12:13,615 - [21006172-2992-4cdf-9920-58cb633334cd] - INFO - [app] - Отримано запит: GET /static/images/insignia.jpg
2026-05-27 19:12:13,620 - [21006172-2992-4cdf-9920-58cb633334cd] - INFO - [app] - Відповідь сервера: статус 200
2026-05-27 19:12:13,787 - [d2491235-f082-4c7a-9915-ae0c66516458] - INFO - [app] - Отримано запит: GET /static/images/insignia.jpg
2026-05-27 19:12:13,790 - [d2491235-f082-4c7a-9915-ae0c66516458] - INFO - [app] - Відповідь сервера: статус 200
2026-05-27 19:12:13,796 - [a5c2d468-4223-4695-ade3-8f002bfd090c] - INFO - [app] - Отримано запит: GET /static/images/camry_v70.jpg
2026-05-27 19:12:13,797 - [a5c2d468-4223-4695-ade3-8f002bfd090c] - INFO - [app] - Відповідь сервера: статус 200
2026-05-27 19:12:13,994 - [7b791186-a920-4b25-94db-d828a8e93325] - INFO - [app] - Отримано запит: GET /static/images/insignia.jpg
2026-05-27 19:12:14,007 - [7b791186-a920-4b25-94db-d828a8e93325] - INFO - [app] - Відповідь сервера: статус 200
2026-05-27 19:12:14,154 - [11124d26-202b-4a3a-9748-27d5174cf7b5] - INFO - [app] - Отримано запит: GET /static/images/insignia.jpg
2026-05-27 19:12:14,157 - [11124d26-202b-4a3a-9748-27d5174cf7b5] - INFO - [app] - Відповідь сервера: статус 200
2026-05-27 19:12:14,639 - [87b2ffe4-8628-4765-8f38-e7f4960663c0] - INFO - [app] - Отримано запит: GET /static/images/insignia.jpg
2026-05-27 19:12:14,645 - [87b2ffe4-8628-4765-8f38-e7f4960663c0] - INFO - [app] - Відповідь сервера: статус 200
2026-05-27 19:12:49,367 - [21628311-c16a-4dc1-af92-6107c0764320] - INFO - [app] - Отримано запит: GET /static/images/insignia.jpg
2026-05-27 19:12:49,373 - [21628311-c16a-4dc1-af92-6107c0764320] - INFO - [app] - Відповідь сервера: статус 200
2026-05-27 19:12:49,975 - [6a7d9779-bc13-46b1-84ec-9e93c4e93046] - INFO - [app] - Отримано запит: GET /static/images/insignia.jpg
2026-05-27 19:12:49,979 - [6a7d9779-bc13-46b1-84ec-9e93c4e93046] - INFO - [app] - Відповідь сервера: статус 200
2026-05-27 19:12:50,439 - [138c77ec-b326-4b6e-a6cc-2e6a03e44922] - INFO - [app] - Отримано запит: GET /static/images/insignia.jpg
2026-05-27 19:12:50,444 - [138c77ec-b326-4b6e-a6cc-2e6a03e44922] - INFO - [app] - Відповідь сервера: статус 200
2026-05-27 19:12:50,826 - [97e6751c-d9ed-4736-a3c4-0f8c0ffaede6] - INFO - [app] - Отримано запит: GET /static/images/insignia.jpg
2026-05-27 19:12:50,831 - [97e6751c-d9ed-4736-a3c4-0f8c0ffaede6] - INFO - [app] - Відповідь сервера: статус 200
2026-05-27 19:12:52,048 - [cd189e0e-f596-40c0-8dee-3dcaea206742] - INFO - [app] - Отримано запит: OPTIONS /api/recommend
2026-05-27 19:12:52,048 - [cd189e0e-f596-40c0-8dee-3dcaea206742] - INFO - [app] - Відповідь сервера: статус 200
2026-05-27 19:12:52,056 - [47c974d0-3fa4-44f1-99fe-cb8a6e37a32a] - INFO - [app] - Отримано запит: POST /api/recommend
2026-05-27 19:12:52,056 - [47c974d0-3fa4-44f1-99fe-cb8a6e37a32a] - DEBUG - [app] - Отримано вхідні дані: {'price_vs_comfort': 1, 'price_vs_clearance': 1, 'comfort_vs_clearance': 1}
2026-05-27 19:12:52,058 - [47c974d0-3fa4-44f1-99fe-cb8a6e37a32a] - INFO - [app] - Система підібрала авто: Audi SQ5 (Оцінка: 0.60)
2026-05-27 19:12:52,059 - [47c974d0-3fa4-44f1-99fe-cb8a6e37a32a] - INFO - [app] - Відповідь сервера: статус 200
2026-05-27 19:12:59,604 - [f9c3a9e0-64e9-410d-98bb-c24c269e1490] - INFO - [app] - Отримано запит: GET /static/images/insignia.jpg
2026-05-27 19:12:59,607 - [f9c3a9e0-64e9-410d-98bb-c24c269e1490] - INFO - [app] - Відповідь сервера: статус 200
2026-05-27 19:12:59,813 - [9052cb0b-0106-42fc-ba2e-6bff7df16095] - INFO - [app] - Отримано запит: GET /static/images/insignia.jpg
2026-05-27 19:12:59,815 - [9052cb0b-0106-42fc-ba2e-6bff7df16095] - INFO - [app] - Відповідь сервера: статус 200
2026-05-27 19:13:00,055 - [c1243f2e-57d9-4a76-81f6-52872c1d34cc] - INFO - [app] - Отримано запит: GET /static/images/insignia.jpg
2026-05-27 19:13:00,057 - [c1243f2e-57d9-4a76-81f6-52872c1d34cc] - INFO - [app] - Відповідь сервера: статус 200
2026-05-27 19:13:00,298 - [1de54cf9-663f-4a36-a18c-45f825d97d95] - INFO - [app] - Отримано запит: GET /static/images/insignia.jpg
2026-05-27 19:13:00,302 - [1de54cf9-663f-4a36-a18c-45f825d97d95] - INFO - [app] - Відповідь сервера: статус 200
2026-05-27 19:13:00,544 - [3945825c-7994-4044-bd88-9ab4e00be0e9] - INFO - [app] - Отримано запит: GET /static/images/insignia.jpg
2026-05-27 19:13:00,548 - [3945825c-7994-4044-bd88-9ab4e00be0e9] - INFO - [app] - Відповідь сервера: статус 200
2026-05-27 19:13:00,733 - [6cc62676-c1a5-442b-acf0-f4d22b364b88] - INFO - [app] - Отримано запит: GET /static/images/insignia.jpg
2026-05-27 19:13:00,737 - [6cc62676-c1a5-442b-acf0-f4d22b364b88] - INFO - [app] - Відповідь сервера: статус 200
2026-05-27 19:13:02,278 - [3db39035-58aa-46be-abe7-6881ad4cb1b2] - INFO - [app] - Отримано запит: GET /static/images/insignia.jpg
2026-05-27 19:13:02,283 - [3db39035-58aa-46be-abe7-6881ad4cb1b2] - INFO - [app] - Відповідь сервера: статус 200
2026-05-27 19:13:02,443 - [56291ccd-9576-45e6-b9b0-d54157f42c9c] - INFO - [app] - Отримано запит: GET /static/images/insignia.jpg
2026-05-27 19:13:02,448 - [56291ccd-9576-45e6-b9b0-d54157f42c9c] - INFO - [app] - Відповідь сервера: статус 200
2026-05-27 19:13:02,655 - [1e4646d9-a339-4713-9804-e7c47780fd72] - INFO - [app] - Отримано запит: GET /static/images/insignia.jpg
2026-05-27 19:13:02,659 - [1e4646d9-a339-4713-9804-e7c47780fd72] - INFO - [app] - Відповідь сервера: статус 200
2026-05-27 19:13:02,854 - [a85e139a-23ec-4ce3-86a4-cbf312e71f7c] - INFO - [app] - Отримано запит: GET /static/images/insignia.jpg
2026-05-27 19:13:02,858 - [a85e139a-23ec-4ce3-86a4-cbf312e71f7c] - INFO - [app] - Відповідь сервера: статус 200
2026-05-27 19:13:03,086 - [65ea7ee6-c180-4278-83e8-ba4ad9126adf] - INFO - [app] - Отримано запит: GET /static/images/insignia.jpg
2026-05-27 19:13:03,088 - [65ea7ee6-c180-4278-83e8-ba4ad9126adf] - INFO - [app] - Відповідь сервера: статус 200
2026-05-27 19:13:03,324 - [59f95baf-cccb-446d-ba3a-a4b51d0d71b7] - INFO - [app] - Отримано запит: GET /static/images/insignia.jpg
2026-05-27 19:13:03,328 - [59f95baf-cccb-446d-ba3a-a4b51d0d71b7] - INFO - [app] - Відповідь сервера: статус 200
2026-05-27 19:13:03,572 - [81dfabeb-2015-4816-ba9c-fbf6923addbb] - INFO - [app] - Отримано запит: GET /static/images/insignia.jpg
2026-05-27 19:13:03,575 - [81dfabeb-2015-4816-ba9c-fbf6923addbb] - INFO - [app] - Відповідь сервера: статус 200
2026-05-27 19:13:03,837 - [a9d9fca0-bf72-4cc8-b0c2-834802987d49] - INFO - [app] - Отримано запит: GET /static/images/insignia.jpg
2026-05-27 19:13:03,840 - [a9d9fca0-bf72-4cc8-b0c2-834802987d49] - INFO - [app] - Відповідь сервера: статус 200
2026-05-27 19:13:04,128 - [7260c983-7c63-48e1-8435-1a018afdd053] - INFO - [app] - Отримано запит: GET /static/images/insignia.jpg
2026-05-27 19:13:04,130 - [7260c983-7c63-48e1-8435-1a018afdd053] - INFO - [app] - Відповідь сервера: статус 200
2026-05-27 19:13:04,343 - [e98aedba-afd0-4d75-887f-8205b11c2758] - INFO - [app] - Отримано запит: GET /static/images/insignia.jpg
2026-05-27 19:13:04,346 - [e98aedba-afd0-4d75-887f-8205b11c2758] - INFO - [app] - Відповідь сервера: статус 200
2026-05-27 19:13:48,327 - [75be01db-0456-4b6f-8c29-e96f53469264] - INFO - [app] - Отримано запит: GET /static/images/camry_v70.jpg
2026-05-27 19:13:48,328 - [75be01db-0456-4b6f-8c29-e96f53469264] - INFO - [app] - Відповідь сервера: статус 200
2026-05-27 19:13:48,521 - [9edd2a61-5fd2-4135-afc9-003960d4ba25] - INFO - [app] - Отримано запит: GET /favicon.ico
2026-05-27 19:13:48,521 - [9edd2a61-5fd2-4135-afc9-003960d4ba25] - WARNING - [app] - Спроба доступу до неіснуючого ресурсу: http://127.0.0.1:5000/favicon.ico
2026-05-27 19:13:48,522 - [9edd2a61-5fd2-4135-afc9-003960d4ba25] - INFO - [app] - Відповідь сервера: статус 404
2026-05-27 19:14:19,177 - [d7faf593-d225-4b4a-bb25-ccc6e36d00aa] - INFO - [app] - Отримано запит: GET /static/images/camry_v70.jpg
2026-05-27 19:14:19,178 - [d7faf593-d225-4b4a-bb25-ccc6e36d00aa] - INFO - [app] - Відповідь сервера: статус 304
2026-05-27 19:14:46,217 - [68044558-784f-4ab4-b808-3d93377b520e] - INFO - [app] - Отримано запит: GET /static/images/passat.jpg
2026-05-27 19:14:46,219 - [68044558-784f-4ab4-b808-3d93377b520e] - INFO - [app] - Відповідь сервера: статус 200
2026-05-27 19:14:46,274 - [afe32ec7-9c2c-4d4f-846f-fcdb78859939] - INFO - [app] - Отримано запит: GET /static/images/camry_v70.jpg
2026-05-27 19:14:46,275 - [afe32ec7-9c2c-4d4f-846f-fcdb78859939] - INFO - [app] - Відповідь сервера: статус 200
2026-05-27 19:14:50,290 - [3eb36917-380f-49f2-beb3-51dfaf061b8a] - INFO - [app] - Отримано запит: GET /static/images/insignia.jpg
2026-05-27 19:14:50,300 - [3eb36917-380f-49f2-beb3-51dfaf061b8a] - INFO - [app] - Відповідь сервера: статус 200
2026-05-27 19:14:52,223 - [e0e988c8-c17a-47fd-9cae-32c475506fb3] - INFO - [app] - Отримано запит: GET /static/images/insignia.jpg
2026-05-27 19:14:52,225 - [e0e988c8-c17a-47fd-9cae-32c475506fb3] - INFO - [app] - Відповідь сервера: статус 304
2026-05-27 19:14:52,235 - [b324fe61-f262-4ff8-a71f-2c4b23886bc6] - INFO - [app] - Отримано запит: GET /static/images/camry_v70.jpg
2026-05-27 19:14:52,242 - [b324fe61-f262-4ff8-a71f-2c4b23886bc6] - INFO - [app] - Відповідь сервера: статус 200
2026-05-27 19:14:55,241 - [3bed901b-f0bf-47d7-ba7b-cb38c3182252] - INFO - [app] - Отримано запит: GET /static/images/insignia.jpg
2026-05-27 19:14:55,245 - [3bed901b-f0bf-47d7-ba7b-cb38c3182252] - INFO - [app] - Відповідь сервера: статус 304
2026-05-27 19:14:59,722 - [757eb215-458d-4fbe-95af-c99247bd926e] - INFO - [app] - Отримано запит: GET /static/images/insignia.jpg
2026-05-27 19:14:59,723 - [757eb215-458d-4fbe-95af-c99247bd926e] - INFO - [app] - Відповідь сервера: статус 304
2026-05-27 19:14:59,732 - [b06e06af-a833-4a22-80c2-349aa12ed836] - INFO - [app] - Отримано запит: GET /static/images/camry_v70.jpg
2026-05-27 19:14:59,734 - [b06e06af-a833-4a22-80c2-349aa12ed836] - INFO - [app] - Відповідь сервера: статус 200
2026-05-27 19:15:39,560 - [74a372e1-74e8-429c-9ad3-1c1831d7ddb4] - INFO - [app] - Отримано запит: GET /static/images/insignia.jpg
2026-05-27 19:15:39,564 - [74a372e1-74e8-429c-9ad3-1c1831d7ddb4] - INFO - [app] - Відповідь сервера: статус 200
2026-05-27 19:15:43,280 - [c78dce5a-07f7-408f-b374-3ca0949af708] - INFO - [app] - Отримано запит: OPTIONS /api/recommend
2026-05-27 19:15:43,280 - [c78dce5a-07f7-408f-b374-3ca0949af708] - INFO - [app] - Відповідь сервера: статус 200
2026-05-27 19:15:43,286 - [18b62cef-49b4-4a51-adfd-44dcdd340a34] - INFO - [app] - Отримано запит: POST /api/recommend
2026-05-27 19:15:43,287 - [18b62cef-49b4-4a51-adfd-44dcdd340a34] - DEBUG - [app] - Отримано вхідні дані: {'price_vs_comfort': 1, 'price_vs_clearance': 1, 'comfort_vs_clearance': 1}
2026-05-27 19:15:43,287 - [18b62cef-49b4-4a51-adfd-44dcdd340a34] - INFO - [app] - Система підібрала авто: Audi SQ5 (Оцінка: 0.60)
2026-05-27 19:15:43,288 - [18b62cef-49b4-4a51-adfd-44dcdd340a34] - INFO - [app] - Відповідь сервера: статус 200
2026-05-27 19:15:57,909 - [4c3a0402-4f72-4028-92c3-27fc603cbd5a] - INFO - [app] - Отримано запит: GET /static/images/insignia.jpg
2026-05-27 19:15:57,911 - [4c3a0402-4f72-4028-92c3-27fc603cbd5a] - INFO - [app] - Відповідь сервера: статус 304
2026-05-27 19:15:57,968 - [d3fca860-330b-4871-a91b-72d6f10d6c8f] - INFO - [app] - Отримано запит: GET /static/images/camry_v70.jpg
2026-05-27 19:15:57,969 - [d3fca860-330b-4871-a91b-72d6f10d6c8f] - INFO - [app] - Відповідь сервера: статус 200
2026-05-27 19:16:03,104 - [b62f8bcf-ad43-45e1-816d-87016740cd6f] - INFO - [app] - Отримано запит: GET /static/images/passat.jpg
2026-05-27 19:16:03,109 - [b62f8bcf-ad43-45e1-816d-87016740cd6f] - INFO - [app] - Відповідь сервера: статус 200
2026-05-27 19:16:05,712 - [5b331145-3b82-4206-89b9-3d0dbe5f9d93] - INFO - [app] - Отримано запит: GET /static/images/insignia.jpg
2026-05-27 19:16:05,718 - [5b331145-3b82-4206-89b9-3d0dbe5f9d93] - INFO - [app] - Відповідь сервера: статус 200
2026-05-27 19:16:06,729 - [dea460e5-c362-4d5c-9cc6-2168cd257e7e] - INFO - [app] - Отримано запит: GET /static/images/insignia.jpg
2026-05-27 19:16:06,730 - [dea460e5-c362-4d5c-9cc6-2168cd257e7e] - INFO - [app] - Відповідь сервера: статус 304
2026-05-27 19:16:06,740 - [b1098b37-2d51-4495-ba2b-89749b18acfe] - INFO - [app] - Отримано запит: GET /static/images/camry_v70.jpg
2026-05-27 19:16:06,749 - [b1098b37-2d51-4495-ba2b-89749b18acfe] - INFO - [app] - Відповідь сервера: статус 200
2026-05-27 19:16:08,214 - [7ba75714-6cee-4a02-95da-e8c95648367b] - INFO - [app] - Отримано запит: GET /static/images/passat.jpg
2026-05-27 19:16:08,216 - [7ba75714-6cee-4a02-95da-e8c95648367b] - INFO - [app] - Відповідь сервера: статус 200
2026-05-27 19:16:08,223 - [537db05f-96f7-452b-8690-d3c28dfcc9aa] - INFO - [app] - Отримано запит: GET /static/images/insignia.jpg
2026-05-27 19:16:08,231 - [537db05f-96f7-452b-8690-d3c28dfcc9aa] - INFO - [app] - Відповідь сервера: статус 304
2026-05-27 19:16:09,217 - [51f46a1c-5fa4-4477-8502-6cbb16d58d04] - INFO - [app] - Отримано запит: GET /static/images/insignia.jpg
2026-05-27 19:16:09,223 - [51f46a1c-5fa4-4477-8502-6cbb16d58d04] - INFO - [app] - Відповідь сервера: статус 304
2026-05-27 19:16:10,374 - [4c05bd2a-1929-4e00-992c-f5a9de1616fa] - INFO - [app] - Отримано запит: GET /static/images/insignia.jpg
2026-05-27 19:16:10,377 - [4c05bd2a-1929-4e00-992c-f5a9de1616fa] - INFO - [app] - Відповідь сервера: статус 304
2026-05-27 19:21:50,401 - [SYSTEM] - INFO - [app] - === ЗАПУСК СИСТЕМИ: Сервер Car Rental DSS ініціалізовано ===
2026-05-27 19:21:50,789 - [SYSTEM] - INFO - [app] - === ЗАПУСК СИСТЕМИ: Сервер Car Rental DSS ініціалізовано ===
2026-05-27 19:21:54,652 - [8bccacd2-a19f-45f1-ab71-22e158db5b35] - INFO - [app] - Отримано запит: GET /static/images/insignia.jpg
2026-05-27 19:21:54,726 - [8bccacd2-a19f-45f1-ab71-22e158db5b35] - INFO - [app] - Відповідь сервера: статус 200
2026-05-27 19:21:57,582 - [fb511db3-127f-439d-a6c1-694b74a821e6] - INFO - [app] - Отримано запит: GET /static/images/passat.jpg
2026-05-27 19:21:57,586 - [fb511db3-127f-439d-a6c1-694b74a821e6] - INFO - [app] - Відповідь сервера: статус 200
2026-05-27 19:21:58,837 - [63cf66c9-4fc3-49e9-b367-e83675878a2f] - INFO - [app] - Отримано запит: GET /static/images/insignia.jpg
2026-05-27 19:21:58,840 - [63cf66c9-4fc3-49e9-b367-e83675878a2f] - INFO - [app] - Відповідь сервера: статус 200
2026-05-27 19:21:59,435 - [4f7b0b8d-1a4c-427c-ad47-48c6fb8eff75] - INFO - [app] - Отримано запит: GET /static/images/passat.jpg
2026-05-27 19:21:59,436 - [4f7b0b8d-1a4c-427c-ad47-48c6fb8eff75] - INFO - [app] - Відповідь сервера: статус 200
2026-05-27 19:21:59,448 - [dfa84c27-0f19-47ad-9bd8-2e682ee746a9] - INFO - [app] - Отримано запит: GET /static/images/insignia.jpg
2026-05-27 19:21:59,451 - [dfa84c27-0f19-47ad-9bd8-2e682ee746a9] - INFO - [app] - Відповідь сервера: статус 304
2026-05-27 19:22:00,381 - [3886cbcf-d56b-493e-9188-fdfb256fd371] - INFO - [app] - Отримано запит: GET /static/images/camry70.jpg
2026-05-27 19:22:00,395 - [3886cbcf-d56b-493e-9188-fdfb256fd371] - INFO - [app] - Відповідь сервера: статус 200
2026-05-27 19:22:01,006 - [fcd32e76-767a-4264-8471-447ce5deded1] - INFO - [app] - Отримано запит: GET /static/images/insignia.jpg
2026-05-27 19:22:01,007 - [fcd32e76-767a-4264-8471-447ce5deded1] - INFO - [app] - Відповідь сервера: статус 200
2026-05-27 19:22:01,557 - [96aa2b15-659d-4126-acb6-0883241df9a5] - INFO - [app] - Отримано запит: GET /static/images/passat.jpg
2026-05-27 19:22:01,561 - [96aa2b15-659d-4126-acb6-0883241df9a5] - INFO - [app] - Відповідь сервера: статус 200
2026-05-27 19:22:02,174 - [750519f6-7d2a-4bb5-b07f-be612ea17b19] - INFO - [app] - Отримано запит: GET /static/images/insignia.jpg
2026-05-27 19:22:02,182 - [750519f6-7d2a-4bb5-b07f-be612ea17b19] - INFO - [app] - Відповідь сервера: статус 200
2026-05-27 19:22:02,717 - [e0324b1a-bc8b-4904-b0ca-df6da6a9c5ad] - INFO - [app] - Отримано запит: GET /static/images/passat.jpg
2026-05-27 19:22:02,723 - [e0324b1a-bc8b-4904-b0ca-df6da6a9c5ad] - INFO - [app] - Відповідь сервера: статус 200
2026-05-27 19:22:03,303 - [5c1802a2-5297-4f21-bda5-a9ab1469cb23] - INFO - [app] - Отримано запит: GET /static/images/insignia.jpg
2026-05-27 19:22:03,305 - [5c1802a2-5297-4f21-bda5-a9ab1469cb23] - INFO - [app] - Відповідь сервера: статус 200
2026-05-27 19:23:28,527 - [280476dd-3203-4e0a-9312-12d33b2def52] - INFO - [app] - Отримано запит: GET /static/images/camry70.jpg
2026-05-27 19:23:28,532 - [280476dd-3203-4e0a-9312-12d33b2def52] - INFO - [app] - Відповідь сервера: статус 200
2026-05-27 19:23:29,856 - [70c797a9-337c-4f34-8e54-9e302ef62dcd] - INFO - [app] - Отримано запит: GET /static/images/insignia.jpg
2026-05-27 19:23:29,857 - [70c797a9-337c-4f34-8e54-9e302ef62dcd] - INFO - [app] - Відповідь сервера: статус 200
2026-05-27 19:23:30,456 - [a078da6e-71e7-4652-8a05-6daa15e8b56f] - INFO - [app] - Отримано запит: GET /static/images/insignia.jpg
2026-05-27 19:23:30,462 - [a078da6e-71e7-4652-8a05-6daa15e8b56f] - INFO - [app] - Відповідь сервера: статус 200
2026-05-27 19:23:31,290 - [1e0e4663-8a41-4365-9218-4cc05ba7b7a8] - INFO - [app] - Отримано запит: GET /static/images/insignia.jpg
2026-05-27 19:23:31,296 - [1e0e4663-8a41-4365-9218-4cc05ba7b7a8] - INFO - [app] - Відповідь сервера: статус 200
2026-05-27 19:23:31,848 - [4dac070b-a2b8-4c46-92a3-3c4f6754d6f4] - INFO - [app] - Отримано запит: GET /static/images/insignia.jpg
2026-05-27 19:23:31,853 - [4dac070b-a2b8-4c46-92a3-3c4f6754d6f4] - INFO - [app] - Відповідь сервера: статус 200
2026-05-27 19:23:32,459 - [a386bd4b-fa4c-4ce7-b115-23b0844ce939] - INFO - [app] - Отримано запит: GET /static/images/insignia.jpg
2026-05-27 19:23:32,463 - [a386bd4b-fa4c-4ce7-b115-23b0844ce939] - INFO - [app] - Відповідь сервера: статус 200
2026-05-27 19:23:33,018 - [09e5d68d-d872-4cb6-96ed-559342cdd7c8] - INFO - [app] - Отримано запит: GET /static/images/insignia.jpg
2026-05-27 19:23:33,024 - [09e5d68d-d872-4cb6-96ed-559342cdd7c8] - INFO - [app] - Відповідь сервера: статус 200
2026-05-27 19:23:33,546 - [b26f4704-0435-46d2-82d9-5c3f4fc36946] - INFO - [app] - Отримано запит: GET /static/images/insignia.jpg
2026-05-27 19:23:33,550 - [b26f4704-0435-46d2-82d9-5c3f4fc36946] - INFO - [app] - Відповідь сервера: статус 200
2026-05-27 19:23:34,047 - [c117c5dd-0988-4d9c-b795-587d4ec238ac] - INFO - [app] - Отримано запит: GET /static/images/insignia.jpg
2026-05-27 19:23:34,050 - [c117c5dd-0988-4d9c-b795-587d4ec238ac] - INFO - [app] - Відповідь сервера: статус 200
2026-05-27 19:23:34,711 - [4edf1e7d-50cb-46c5-8a3b-38db790148c7] - INFO - [app] - Отримано запит: GET /static/images/insignia.jpg
2026-05-27 19:23:34,716 - [4edf1e7d-50cb-46c5-8a3b-38db790148c7] - INFO - [app] - Відповідь сервера: статус 200
2026-05-27 19:23:35,226 - [4193346b-8559-4aba-a6f3-99786bb9a469] - INFO - [app] - Отримано запит: GET /static/images/insignia.jpg
2026-05-27 19:23:35,231 - [4193346b-8559-4aba-a6f3-99786bb9a469] - INFO - [app] - Відповідь сервера: статус 200
2026-05-27 19:23:35,766 - [c21563af-fa2d-49e0-b312-00a6122bc394] - INFO - [app] - Отримано запит: GET /static/images/passat.jpg
2026-05-27 19:23:35,772 - [c21563af-fa2d-49e0-b312-00a6122bc394] - INFO - [app] - Відповідь сервера: статус 200
2026-05-27 19:23:36,324 - [215df9da-b40c-45c0-97b3-6d4a89c2e909] - INFO - [app] - Отримано запит: GET /static/images/insignia.jpg
2026-05-27 19:23:36,330 - [215df9da-b40c-45c0-97b3-6d4a89c2e909] - INFO - [app] - Відповідь сервера: статус 200
2026-05-27 19:23:36,755 - [d0645dff-18d6-4361-832d-918973a23b0b] - INFO - [app] - Отримано запит: GET /static/images/camry70.jpg
2026-05-27 19:23:36,761 - [d0645dff-18d6-4361-832d-918973a23b0b] - INFO - [app] - Відповідь сервера: статус 200
2026-05-27 19:23:37,406 - [dfe2d0cd-188b-4d5f-ad40-f18ed1aef3a9] - INFO - [app] - Отримано запит: GET /static/images/insignia.jpg
2026-05-27 19:23:37,422 - [dfe2d0cd-188b-4d5f-ad40-f18ed1aef3a9] - INFO - [app] - Відповідь сервера: статус 200
2026-05-27 19:27:00,026 - [40cc32a4-7f65-4158-9f78-f24c200ebffb] - INFO - [app] - Отримано запит: GET /static/images/insignia.jpg
2026-05-27 19:27:00,085 - [40cc32a4-7f65-4158-9f78-f24c200ebffb] - INFO - [app] - Відповідь сервера: статус 200
2026-05-27 19:27:02,605 - [a643209c-0586-4447-915e-522e6f84b080] - INFO - [app] - Отримано запит: GET /static/images/passat.jpg
2026-05-27 19:27:02,608 - [a643209c-0586-4447-915e-522e6f84b080] - INFO - [app] - Відповідь сервера: статус 200
2026-05-27 19:27:03,295 - [af6c9ade-b3f8-4431-b198-a168042e2829] - INFO - [app] - Отримано запит: GET /static/images/insignia.jpg
2026-05-27 19:27:03,299 - [af6c9ade-b3f8-4431-b198-a168042e2829] - INFO - [app] - Відповідь сервера: статус 200
2026-05-27 19:27:03,770 - [6d933a09-841a-4246-81c7-c2a19884a963] - INFO - [app] - Отримано запит: GET /static/images/insignia.jpg
2026-05-27 19:27:03,773 - [6d933a09-841a-4246-81c7-c2a19884a963] - INFO - [app] - Відповідь сервера: статус 304
2026-05-27 19:27:03,783 - [7dfb6894-e8de-4fb5-8181-12b1a3ca5351] - INFO - [app] - Отримано запит: GET /static/images/camry_v70.jpg
2026-05-27 19:27:03,789 - [7dfb6894-e8de-4fb5-8181-12b1a3ca5351] - WARNING - [app] - Спроба доступу до неіснуючого ресурсу: http://127.0.0.1:5000/static/images/camry_v70.jpg
2026-05-27 19:27:03,790 - [7dfb6894-e8de-4fb5-8181-12b1a3ca5351] - INFO - [app] - Відповідь сервера: статус 404
2026-05-27 19:27:04,196 - [c07132e3-1a47-4cfa-97c4-23105d8b2f9c] - INFO - [app] - Отримано запит: GET /static/images/passat.jpg
2026-05-27 19:27:04,205 - [c07132e3-1a47-4cfa-97c4-23105d8b2f9c] - INFO - [app] - Відповідь сервера: статус 200
2026-05-27 19:27:04,726 - [9c2d6213-5606-4ded-9cd9-456481d95540] - INFO - [app] - Отримано запит: GET /static/images/insignia.jpg
2026-05-27 19:27:04,730 - [9c2d6213-5606-4ded-9cd9-456481d95540] - INFO - [app] - Відповідь сервера: статус 200
2026-05-27 19:27:05,124 - [b4a19ba9-a6b5-4524-9295-de560e1e73ee] - INFO - [app] - Отримано запит: GET /static/images/passat.jpg
2026-05-27 19:27:05,128 - [b4a19ba9-a6b5-4524-9295-de560e1e73ee] - INFO - [app] - Відповідь сервера: статус 200
2026-05-27 19:27:05,416 - [730c8bc4-d976-49fb-b8a2-f99d343430e2] - INFO - [app] - Отримано запит: GET /static/images/insignia.jpg
2026-05-27 19:27:05,419 - [730c8bc4-d976-49fb-b8a2-f99d343430e2] - INFO - [app] - Відповідь сервера: статус 200
2026-05-27 19:27:05,428 - [04f90dcd-6ae1-4207-9d6a-95b5ba994f4c] - INFO - [app] - Отримано запит: GET /static/images/passat.jpg
2026-05-27 19:27:05,430 - [04f90dcd-6ae1-4207-9d6a-95b5ba994f4c] - INFO - [app] - Відповідь сервера: статус 304
2026-05-27 19:27:06,320 - [fadf334e-0a89-4d5d-a6c0-260d7012e714] - INFO - [app] - Отримано запит: GET /static/images/insignia.jpg
2026-05-27 19:27:06,323 - [fadf334e-0a89-4d5d-a6c0-260d7012e714] - INFO - [app] - Відповідь сервера: статус 304
2026-05-27 19:27:06,755 - [3d26c35c-0a0b-4788-9790-8b0e94ff8ae8] - INFO - [app] - Отримано запит: GET /static/images/passat.jpg
2026-05-27 19:27:06,757 - [3d26c35c-0a0b-4788-9790-8b0e94ff8ae8] - INFO - [app] - Відповідь сервера: статус 200
2026-05-27 19:27:06,767 - [b78f1548-0d03-418b-a6c2-1fb7eaaecc13] - INFO - [app] - Отримано запит: GET /static/images/insignia.jpg
2026-05-27 19:27:06,773 - [b78f1548-0d03-418b-a6c2-1fb7eaaecc13] - INFO - [app] - Відповідь сервера: статус 304
2026-05-27 19:27:07,147 - [59c1c618-0bcc-4732-bbc3-98eae4304c47] - INFO - [app] - Отримано запит: GET /static/images/camry_v70.jpg
2026-05-27 19:27:07,148 - [59c1c618-0bcc-4732-bbc3-98eae4304c47] - WARNING - [app] - Спроба доступу до неіснуючого ресурсу: http://127.0.0.1:5000/static/images/camry_v70.jpg
2026-05-27 19:27:07,150 - [59c1c618-0bcc-4732-bbc3-98eae4304c47] - INFO - [app] - Відповідь сервера: статус 404
2026-05-27 19:27:07,505 - [b87737e8-4e8a-42a2-9399-e2b40075da72] - INFO - [app] - Отримано запит: GET /static/images/insignia.jpg
2026-05-27 19:27:07,509 - [b87737e8-4e8a-42a2-9399-e2b40075da72] - INFO - [app] - Відповідь сервера: статус 200
2026-05-27 19:27:08,277 - [8140990a-51b8-4fc8-a6f8-59b5852d0cbf] - INFO - [app] - Отримано запит: GET /static/images/passat.jpg
2026-05-27 19:27:08,279 - [8140990a-51b8-4fc8-a6f8-59b5852d0cbf] - INFO - [app] - Відповідь сервера: статус 200
2026-05-27 19:27:09,326 - [f64c7b32-5827-443b-a212-bdbb3c15005e] - INFO - [app] - Отримано запит: GET /static/images/insignia.jpg
2026-05-27 19:27:09,328 - [f64c7b32-5827-443b-a212-bdbb3c15005e] - INFO - [app] - Відповідь сервера: статус 200
2026-05-27 19:27:09,342 - [a43fa410-cd01-43d3-8bcc-22461128bc09] - INFO - [app] - Отримано запит: GET /static/images/passat.jpg
2026-05-27 19:27:09,346 - [a43fa410-cd01-43d3-8bcc-22461128bc09] - INFO - [app] - Відповідь сервера: статус 304
2026-05-27 19:27:11,988 - [ed4d95bc-cdac-46ca-8404-e9ec97de33ad] - INFO - [app] - Отримано запит: GET /static/images/insignia.jpg
2026-05-27 19:27:11,991 - [ed4d95bc-cdac-46ca-8404-e9ec97de33ad] - INFO - [app] - Відповідь сервера: статус 304
2026-05-27 19:27:14,048 - [c4a8870a-63ef-4dc6-b3ab-edf061878a55] - INFO - [app] - Отримано запит: GET /static/images/insignia.jpg
2026-05-27 19:27:14,050 - [c4a8870a-63ef-4dc6-b3ab-edf061878a55] - INFO - [app] - Відповідь сервера: статус 304
2026-05-27 19:27:14,066 - [b17f494b-0d92-4cfb-84d8-598522925b9d] - INFO - [app] - Отримано запит: GET /static/images/camry_v70.jpg
2026-05-27 19:27:14,073 - [b17f494b-0d92-4cfb-84d8-598522925b9d] - WARNING - [app] - Спроба доступу до неіснуючого ресурсу: http://127.0.0.1:5000/static/images/camry_v70.jpg
2026-05-27 19:27:14,074 - [b17f494b-0d92-4cfb-84d8-598522925b9d] - INFO - [app] - Відповідь сервера: статус 404
2026-05-27 19:27:14,667 - [621239fe-28bd-4df4-995e-03367b86537f] - INFO - [app] - Отримано запит: GET /static/images/passat.jpg
2026-05-27 19:27:14,669 - [621239fe-28bd-4df4-995e-03367b86537f] - INFO - [app] - Відповідь сервера: статус 200
2026-05-27 19:27:15,295 - [36acf197-63c2-444c-a687-452b1ddd2637] - INFO - [app] - Отримано запит: GET /static/images/insignia.jpg
2026-05-27 19:27:15,299 - [36acf197-63c2-444c-a687-452b1ddd2637] - INFO - [app] - Відповідь сервера: статус 200
2026-05-27 19:27:42,972 - [a90e362c-2be9-4305-8c9c-3c284a754988] - INFO - [app] - Отримано запит: GET /static/images/passat.jpg
2026-05-27 19:27:42,977 - [a90e362c-2be9-4305-8c9c-3c284a754988] - INFO - [app] - Відповідь сервера: статус 200
2026-05-27 19:27:43,593 - [ae9266ce-9ed9-4cb7-b826-748767d4e17d] - INFO - [app] - Отримано запит: GET /static/images/insignia.jpg
2026-05-27 19:27:43,595 - [ae9266ce-9ed9-4cb7-b826-748767d4e17d] - INFO - [app] - Відповідь сервера: статус 200
2026-05-27 19:27:43,608 - [02e190e3-be62-4ecf-b765-3b7e6da414a3] - INFO - [app] - Отримано запит: GET /static/images/passat.jpg
2026-05-27 19:27:43,611 - [02e190e3-be62-4ecf-b765-3b7e6da414a3] - INFO - [app] - Відповідь сервера: статус 304
2026-05-27 19:27:44,233 - [203e2bb6-6b56-4687-a342-020db5613d03] - INFO - [app] - Отримано запит: GET /static/images/insignia.jpg
2026-05-27 19:27:44,236 - [203e2bb6-6b56-4687-a342-020db5613d03] - INFO - [app] - Відповідь сервера: статус 304
2026-05-27 19:27:44,606 - [e6082322-fe4a-4bd8-8787-17765ead07a1] - INFO - [app] - Отримано запит: GET /static/images/passat.jpg
2026-05-27 19:27:44,610 - [e6082322-fe4a-4bd8-8787-17765ead07a1] - INFO - [app] - Відповідь сервера: статус 200
2026-05-27 19:27:44,619 - [96180743-f85a-4c29-b4da-eb3bd62db4d2] - INFO - [app] - Отримано запит: GET /static/images/insignia.jpg
2026-05-27 19:27:44,623 - [96180743-f85a-4c29-b4da-eb3bd62db4d2] - INFO - [app] - Відповідь сервера: статус 304
2026-05-27 19:27:44,880 - [8205c528-ecbc-4b14-9b5d-1cd9dd849c40] - INFO - [app] - Отримано запит: GET /static/images/camry_v70.jpg
2026-05-27 19:27:44,882 - [8205c528-ecbc-4b14-9b5d-1cd9dd849c40] - WARNING - [app] - Спроба доступу до неіснуючого ресурсу: http://127.0.0.1:5000/static/images/camry_v70.jpg
2026-05-27 19:27:44,889 - [8205c528-ecbc-4b14-9b5d-1cd9dd849c40] - INFO - [app] - Відповідь сервера: статус 404
2026-05-27 19:27:45,149 - [e6d046bd-6aa3-4c9e-a650-8c243422ef70] - INFO - [app] - Отримано запит: GET /static/images/insignia.jpg
2026-05-27 19:27:45,153 - [e6d046bd-6aa3-4c9e-a650-8c243422ef70] - INFO - [app] - Відповідь сервера: статус 200
2026-05-27 19:27:45,583 - [9e3549f8-3dde-4292-858e-557b50a15d31] - INFO - [app] - Отримано запит: GET /static/images/passat.jpg
2026-05-27 19:27:45,585 - [9e3549f8-3dde-4292-858e-557b50a15d31] - INFO - [app] - Відповідь сервера: статус 200
2026-05-27 19:41:21,892 - [029df9a7-4052-4954-bae7-49118ff1d0ae] - INFO - [app] - Отримано запит: GET /
2026-05-27 19:41:21,905 - [029df9a7-4052-4954-bae7-49118ff1d0ae] - INFO - [app] - Відповідь сервера: статус 200
2026-05-27 19:41:21,937 - [1daf5b3f-a8f6-4707-a5ca-6486909dfa85] - INFO - [app] - Отримано запит: GET /static/images/insignia.jpg
2026-05-27 19:41:21,987 - [1daf5b3f-a8f6-4707-a5ca-6486909dfa85] - INFO - [app] - Відповідь сервера: статус 200
2026-05-27 19:41:22,264 - [4ad90ff2-61f9-4a99-8a1d-d057430aaebb] - INFO - [app] - Отримано запит: GET /favicon.ico
2026-05-27 19:41:22,264 - [4ad90ff2-61f9-4a99-8a1d-d057430aaebb] - WARNING - [app] - Спроба доступу до неіснуючого ресурсу: http://127.0.0.1:5000/favicon.ico
2026-05-27 19:41:22,265 - [4ad90ff2-61f9-4a99-8a1d-d057430aaebb] - INFO - [app] - Відповідь сервера: статус 404
2026-05-27 19:41:23,849 - [0e57debc-b1ff-446e-8b8a-10489086b310] - INFO - [app] - Отримано запит: POST /api/recommend
2026-05-27 19:41:23,850 - [0e57debc-b1ff-446e-8b8a-10489086b310] - DEBUG - [app] - Отримано вхідні дані: {'price_vs_comfort': 1, 'price_vs_clearance': 1, 'comfort_vs_clearance': 1}
2026-05-27 19:41:23,851 - [0e57debc-b1ff-446e-8b8a-10489086b310] - INFO - [app] - Система підібрала авто: Audi SQ5 (Оцінка: 0.60)
2026-05-27 19:41:23,852 - [0e57debc-b1ff-446e-8b8a-10489086b310] - INFO - [app] - Відповідь сервера: статус 200
2026-05-27 19:41:28,360 - [c92fe6c9-fd10-41f7-8a34-9f997d7bf48b] - INFO - [app] - Отримано запит: GET /
2026-05-27 19:41:28,360 - [c92fe6c9-fd10-41f7-8a34-9f997d7bf48b] - INFO - [app] - Відповідь сервера: статус 200
2026-05-27 19:41:28,386 - [abbea4dc-33f9-401d-a390-886a839bb5a1] - INFO - [app] - Отримано запит: GET /static/images/insignia.jpg
2026-05-27 19:41:28,390 - [abbea4dc-33f9-401d-a390-886a839bb5a1] - INFO - [app] - Відповідь сервера: статус 304
2026-05-27 19:41:28,402 - [81938ed8-50c5-422f-932d-28bd1596fe97] - INFO - [app] - Отримано запит: GET /static/images/camry70.jpg
2026-05-27 19:41:28,404 - [81938ed8-50c5-422f-932d-28bd1596fe97] - INFO - [app] - Відповідь сервера: статус 200
2026-05-27 19:41:29,178 - [074fb5a1-27d7-4d7c-965e-dbd819ad772f] - INFO - [app] - Отримано запит: GET /
2026-05-27 19:41:29,178 - [074fb5a1-27d7-4d7c-965e-dbd819ad772f] - INFO - [app] - Відповідь сервера: статус 200
2026-05-27 19:41:29,202 - [92082c13-cf40-4b0b-8de7-65ed0e5871d6] - INFO - [app] - Отримано запит: GET /static/images/insignia.jpg
2026-05-27 19:41:29,207 - [92082c13-cf40-4b0b-8de7-65ed0e5871d6] - INFO - [app] - Відповідь сервера: статус 304
2026-05-27 19:41:29,224 - [1167ebad-3cee-44d6-80d3-e63f1da43567] - INFO - [app] - Отримано запит: GET /static/images/camry70.jpg
2026-05-27 19:41:29,234 - [1167ebad-3cee-44d6-80d3-e63f1da43567] - INFO - [app] - Відповідь сервера: статус 304
2026-05-27 19:41:29,716 - [97396265-92f4-4ca4-beb4-10d7a0c0e199] - INFO - [app] - Отримано запит: GET /
2026-05-27 19:41:29,716 - [97396265-92f4-4ca4-beb4-10d7a0c0e199] - INFO - [app] - Відповідь сервера: статус 200
2026-05-27 19:41:29,740 - [fd32915a-4a3c-4e08-bc82-a535f8894134] - INFO - [app] - Отримано запит: GET /static/images/insignia.jpg
2026-05-27 19:41:29,741 - [fd32915a-4a3c-4e08-bc82-a535f8894134] - INFO - [app] - Відповідь сервера: статус 304
2026-05-27 19:41:29,746 - [c5809df7-995e-41d4-88a3-aeddff608d14] - INFO - [app] - Отримано запит: GET /static/images/passat.jpg
2026-05-27 19:41:29,747 - [c5809df7-995e-41d4-88a3-aeddff608d14] - INFO - [app] - Відповідь сервера: статус 200
2026-05-27 19:41:29,757 - [70c143bd-6802-4a85-9cbf-89e876f35592] - INFO - [app] - Отримано запит: GET /static/images/camry70.jpg
2026-05-27 19:41:29,759 - [70c143bd-6802-4a85-9cbf-89e876f35592] - INFO - [app] - Відповідь сервера: статус 304
2026-05-27 19:41:30,448 - [212587b5-d0f0-4c0c-abe7-6307056a2da4] - INFO - [app] - Отримано запит: GET /
2026-05-27 19:41:30,449 - [212587b5-d0f0-4c0c-abe7-6307056a2da4] - INFO - [app] - Відповідь сервера: статус 200
2026-05-27 19:41:30,470 - [b356946e-be42-4f80-866b-8b8c6bdf7481] - INFO - [app] - Отримано запит: GET /static/images/insignia.jpg
2026-05-27 19:41:30,473 - [b356946e-be42-4f80-866b-8b8c6bdf7481] - INFO - [app] - Відповідь сервера: статус 304
2026-05-27 19:41:30,479 - [93b9bd83-c484-494b-ad39-b76efb18f0a5] - INFO - [app] - Отримано запит: GET /static/images/passat.jpg
2026-05-27 19:41:30,480 - [93b9bd83-c484-494b-ad39-b76efb18f0a5] - INFO - [app] - Відповідь сервера: статус 304
2026-05-27 19:41:30,488 - [178428c4-89a2-4260-a444-dcbf8cca92b7] - INFO - [app] - Отримано запит: GET /static/images/camry70.jpg
2026-05-27 19:41:30,489 - [178428c4-89a2-4260-a444-dcbf8cca92b7] - INFO - [app] - Відповідь сервера: статус 304
2026-05-27 19:41:30,985 - [7bc07ccf-e253-4222-b988-a10b5976c384] - INFO - [app] - Отримано запит: GET /
2026-05-27 19:41:30,986 - [7bc07ccf-e253-4222-b988-a10b5976c384] - INFO - [app] - Відповідь сервера: статус 200
2026-05-27 19:41:31,011 - [3d40b0b8-81e9-4b6b-bbb3-475ad2d96f38] - INFO - [app] - Отримано запит: GET /static/images/insignia.jpg
2026-05-27 19:41:31,015 - [3d40b0b8-81e9-4b6b-bbb3-475ad2d96f38] - INFO - [app] - Відповідь сервера: статус 304
2026-05-27 19:41:31,023 - [6635b487-dcf1-4a28-9dc7-6b4fa7f307a0] - INFO - [app] - Отримано запит: GET /static/images/camry70.jpg
2026-05-27 19:41:31,030 - [6635b487-dcf1-4a28-9dc7-6b4fa7f307a0] - INFO - [app] - Відповідь сервера: статус 304
2026-05-27 19:41:31,569 - [c1a44de6-6fa9-49d6-8ee3-03894eaf05d1] - INFO - [app] - Отримано запит: GET /
2026-05-27 19:41:31,570 - [c1a44de6-6fa9-49d6-8ee3-03894eaf05d1] - INFO - [app] - Відповідь сервера: статус 200
2026-05-27 19:41:31,594 - [98a0b00c-d95c-4366-bd7e-5f454988bcc9] - INFO - [app] - Отримано запит: GET /static/images/insignia.jpg
2026-05-27 19:41:31,596 - [98a0b00c-d95c-4366-bd7e-5f454988bcc9] - INFO - [app] - Відповідь сервера: статус 304
2026-05-27 19:41:31,627 - [2a6c8f80-ca7c-43bd-8229-93dd9e75342d] - INFO - [app] - Отримано запит: GET /static/images/camry70.jpg
2026-05-27 19:41:31,629 - [2a6c8f80-ca7c-43bd-8229-93dd9e75342d] - INFO - [app] - Відповідь сервера: статус 304
2026-05-27 19:41:32,084 - [36b82f61-2b43-48fb-9536-dea65a094eb7] - INFO - [app] - Отримано запит: GET /
2026-05-27 19:41:32,085 - [36b82f61-2b43-48fb-9536-dea65a094eb7] - INFO - [app] - Відповідь сервера: статус 200
2026-05-27 19:41:32,107 - [44767df8-35d6-4510-b299-d51c4d9a434f] - INFO - [app] - Отримано запит: GET /static/images/insignia.jpg
2026-05-27 19:41:32,111 - [44767df8-35d6-4510-b299-d51c4d9a434f] - INFO - [app] - Відповідь сервера: статус 304
2026-05-27 19:41:32,122 - [55907750-e845-4ded-8483-840a64e967fe] - INFO - [app] - Отримано запит: GET /static/images/camry70.jpg
2026-05-27 19:41:32,124 - [55907750-e845-4ded-8483-840a64e967fe] - INFO - [app] - Відповідь сервера: статус 304
2026-05-27 19:41:32,547 - [f51e90e6-9088-4725-a488-3661a3461069] - INFO - [app] - Отримано запит: GET /
2026-05-27 19:41:32,547 - [f51e90e6-9088-4725-a488-3661a3461069] - INFO - [app] - Відповідь сервера: статус 200
2026-05-27 19:41:32,572 - [1deee419-cef5-473c-ac74-858abb2701e9] - INFO - [app] - Отримано запит: GET /static/images/insignia.jpg
2026-05-27 19:41:32,577 - [1deee419-cef5-473c-ac74-858abb2701e9] - INFO - [app] - Відповідь сервера: статус 304
2026-05-27 19:41:32,586 - [3e29b32a-2de8-4e68-a957-f4368842979b] - INFO - [app] - Отримано запит: GET /static/images/camry70.jpg
2026-05-27 19:41:32,591 - [3e29b32a-2de8-4e68-a957-f4368842979b] - INFO - [app] - Відповідь сервера: статус 304
2026-05-27 19:41:33,010 - [65767f8c-d8e7-47a5-8173-0642da199aac] - INFO - [app] - Отримано запит: GET /
2026-05-27 19:41:33,011 - [65767f8c-d8e7-47a5-8173-0642da199aac] - INFO - [app] - Відповідь сервера: статус 200
2026-05-27 19:41:33,036 - [d4ccbdc0-417f-45ee-aa2d-54cd45b58112] - INFO - [app] - Отримано запит: GET /static/images/insignia.jpg
2026-05-27 19:41:33,038 - [d4ccbdc0-417f-45ee-aa2d-54cd45b58112] - INFO - [app] - Відповідь сервера: статус 304
2026-05-27 19:41:33,051 - [ab6416ba-ef2b-4137-8020-8e34b28be74c] - INFO - [app] - Отримано запит: GET /static/images/camry70.jpg
2026-05-27 19:41:33,054 - [ab6416ba-ef2b-4137-8020-8e34b28be74c] - INFO - [app] - Відповідь сервера: статус 304
2026-05-27 19:41:50,902 - [2b75fe32-fe74-42e7-b9f1-83c011a31a11] - INFO - [app] - Отримано запит: GET /
2026-05-27 19:41:50,903 - [2b75fe32-fe74-42e7-b9f1-83c011a31a11] - INFO - [app] - Відповідь сервера: статус 200
2026-05-27 19:41:50,932 - [1d1b9808-9994-4ba0-82c3-8c7d37c1e58a] - INFO - [app] - Отримано запит: GET /static/images/insignia.jpg
2026-05-27 19:41:50,937 - [1d1b9808-9994-4ba0-82c3-8c7d37c1e58a] - INFO - [app] - Відповідь сервера: статус 304
2026-05-27 19:41:50,947 - [809f8f9b-33f2-4f0a-93eb-4e5f8f63b7d0] - INFO - [app] - Отримано запит: GET /static/images/camry70.jpg
2026-05-27 19:41:50,950 - [809f8f9b-33f2-4f0a-93eb-4e5f8f63b7d0] - INFO - [app] - Відповідь сервера: статус 304
2026-05-27 19:41:51,552 - [b59cd69f-4edd-4378-9371-a4c5c3fcb31f] - INFO - [app] - Отримано запит: GET /
2026-05-27 19:41:51,553 - [b59cd69f-4edd-4378-9371-a4c5c3fcb31f] - INFO - [app] - Відповідь сервера: статус 200
2026-05-27 19:41:51,578 - [875d1cdf-837d-484c-8353-675ff6aa39f8] - INFO - [app] - Отримано запит: GET /static/images/insignia.jpg
2026-05-27 19:41:51,582 - [875d1cdf-837d-484c-8353-675ff6aa39f8] - INFO - [app] - Відповідь сервера: статус 304
2026-05-27 19:41:51,601 - [0445d7d7-d6a9-41b0-87f3-4a2f3980b0c8] - INFO - [app] - Отримано запит: GET /static/images/camry70.jpg
2026-05-27 19:41:51,603 - [0445d7d7-d6a9-41b0-87f3-4a2f3980b0c8] - INFO - [app] - Відповідь сервера: статус 304
2026-05-27 19:41:52,123 - [19de4875-5b50-4a53-aa90-2b79a81791fa] - INFO - [app] - Отримано запит: GET /
2026-05-27 19:41:52,123 - [19de4875-5b50-4a53-aa90-2b79a81791fa] - INFO - [app] - Відповідь сервера: статус 200
2026-05-27 19:41:52,152 - [7c59b5ed-db20-494c-9d92-9dcd5ea40415] - INFO - [app] - Отримано запит: GET /static/images/insignia.jpg
2026-05-27 19:41:52,153 - [7c59b5ed-db20-494c-9d92-9dcd5ea40415] - INFO - [app] - Відповідь сервера: статус 304
2026-05-27 19:41:52,164 - [3095c1ae-7d9d-4488-862f-58b5e6bc65a2] - INFO - [app] - Отримано запит: GET /static/images/passat.jpg
2026-05-27 19:41:52,165 - [3095c1ae-7d9d-4488-862f-58b5e6bc65a2] - INFO - [app] - Відповідь сервера: статус 200
2026-05-27 19:41:52,183 - [91fe1d2a-1d8b-4908-9dd9-f19fd7ce50f6] - INFO - [app] - Отримано запит: GET /static/images/camry70.jpg
2026-05-27 19:41:52,185 - [91fe1d2a-1d8b-4908-9dd9-f19fd7ce50f6] - INFO - [app] - Відповідь сервера: статус 304
2026-05-27 19:41:58,943 - [c54cbc5b-bfdf-4e50-9094-1bbe41adf467] - INFO - [app] - Отримано запит: GET /
2026-05-27 19:41:58,944 - [c54cbc5b-bfdf-4e50-9094-1bbe41adf467] - INFO - [app] - Відповідь сервера: статус 200
2026-05-27 19:41:58,969 - [f0bc52ba-52b0-42df-8d47-bc43735453c6] - INFO - [app] - Отримано запит: GET /static/images/insignia.jpg
2026-05-27 19:41:58,978 - [f0bc52ba-52b0-42df-8d47-bc43735453c6] - INFO - [app] - Відповідь сервера: статус 304
2026-05-27 19:41:58,990 - [a600d6be-7ad6-4fb9-88e0-1881d249b372] - INFO - [app] - Отримано запит: GET /static/images/camry70.jpg
2026-05-27 19:41:58,991 - [a600d6be-7ad6-4fb9-88e0-1881d249b372] - INFO - [app] - Відповідь сервера: статус 304
2026-05-27 19:41:59,562 - [bc4b5669-2608-4f84-a8d3-00cb6f9a576e] - INFO - [app] - Отримано запит: GET /
2026-05-27 19:41:59,563 - [bc4b5669-2608-4f84-a8d3-00cb6f9a576e] - INFO - [app] - Відповідь сервера: статус 200
2026-05-27 19:41:59,590 - [2a28c8f2-1452-45a7-947d-f62df723398c] - INFO - [app] - Отримано запит: GET /static/images/insignia.jpg
2026-05-27 19:41:59,592 - [2a28c8f2-1452-45a7-947d-f62df723398c] - INFO - [app] - Відповідь сервера: статус 304
2026-05-27 19:41:59,600 - [a87e56c3-984d-4979-a390-46aa7c598dc7] - INFO - [app] - Отримано запит: GET /static/images/passat.jpg
2026-05-27 19:41:59,603 - [a87e56c3-984d-4979-a390-46aa7c598dc7] - INFO - [app] - Відповідь сервера: статус 200
2026-05-27 19:41:59,612 - [b5823ee4-1f29-4ea8-8a2b-85fdfa7c42bc] - INFO - [app] - Отримано запит: GET /static/images/camry70.jpg
2026-05-27 19:41:59,616 - [b5823ee4-1f29-4ea8-8a2b-85fdfa7c42bc] - INFO - [app] - Відповідь сервера: статус 304
